2020-11-25 07:29:30,340 INFO  [org.jboss.modules] (main) JBoss Modules version 1.10.1.Final
2020-11-25 07:29:30,796 INFO  [org.jboss.msc] (main) JBoss MSC version 1.4.11.Final
2020-11-25 07:29:30,806 INFO  [org.jboss.threads] (main) JBoss Threads version 2.3.3.Final
2020-11-25 07:29:30,961 INFO  [org.jboss.as] (MSC service thread 1-2) WFLYSRV0049: Keycloak 11.0.3 (WildFly Core 12.0.3.Final) starting
2020-11-25 07:29:30,966 DEBUG [org.jboss.as.config] (MSC service thread 1-2) Configured system properties:
	[Server:load-balancer] = 
	[pcid:687924896] = 
	awt.toolkit = sun.awt.X11.XToolkit
	file.encoding = UTF-8
	file.separator = /
	java.awt.graphicsenv = sun.awt.X11GraphicsEnvironment
	java.awt.headless = true
	java.awt.printerjob = sun.print.PSPrinterJob
	java.class.path = /media/presta/DVA_64/RedStone/Ville-Noumea/POC Keycloak NCConnect/keycloak/build/resources/keycloak-11/jboss-modules.jar
	java.class.version = 55.0
	java.home = /usr/lib/jvm/java-11-openjdk-amd64
	java.io.tmpdir = /tmp
	java.library.path = /usr/java/packages/lib:/usr/lib/x86_64-linux-gnu/jni:/lib/x86_64-linux-gnu:/usr/lib/x86_64-linux-gnu:/usr/lib/jni:/lib:/usr/lib
	java.net.preferIPv4Stack = true
	java.runtime.name = OpenJDK Runtime Environment
	java.runtime.version = 11.0.9+11-Ubuntu-0ubuntu1.20.04
	java.specification.name = Java Platform API Specification
	java.specification.vendor = Oracle Corporation
	java.specification.version = 11
	java.util.logging.manager = org.jboss.logmanager.LogManager
	java.vendor = Ubuntu
	java.vendor.url = https://ubuntu.com/
	java.vendor.url.bug = https://bugs.launchpad.net/ubuntu/+source/openjdk-lts
	java.version = 11.0.9
	java.version.date = 2020-10-20
	java.vm.compressedOopsMode = 32-bit
	java.vm.info = mixed mode, sharing
	java.vm.name = OpenJDK 64-Bit Server VM
	java.vm.specification.name = Java Virtual Machine Specification
	java.vm.specification.vendor = Oracle Corporation
	java.vm.specification.version = 11
	java.vm.vendor = Ubuntu
	java.vm.version = 11.0.9+11-Ubuntu-0ubuntu1.20.04
	javax.management.builder.initial = org.jboss.as.jmx.PluggableMBeanServerBuilder
	jboss.domain.base.dir = /media/presta/DVA_64/RedStone/Ville-Noumea/POC Keycloak NCConnect/keycloak/build/resources/keycloak-11/domain
	jboss.domain.config.dir = /media/presta/DVA_64/RedStone/Ville-Noumea/POC Keycloak NCConnect/keycloak/build/resources/keycloak-11/domain/configuration
	jboss.home.dir = /media/presta/DVA_64/RedStone/Ville-Noumea/POC Keycloak NCConnect/keycloak/build/resources/keycloak-11
	jboss.host.name = mi3074
	jboss.modules.dir = /media/presta/DVA_64/RedStone/Ville-Noumea/POC Keycloak NCConnect/keycloak/build/resources/keycloak-11/modules
	jboss.modules.system.pkgs = org.jboss.byteman
	jboss.node.name = master:load-balancer
	jboss.qualified.host.name = mi3074
	jboss.server.base.dir = /media/presta/DVA_64/RedStone/Ville-Noumea/POC Keycloak NCConnect/keycloak/build/resources/keycloak-11/domain/servers/load-balancer
	jboss.server.config.dir = /media/presta/DVA_64/RedStone/Ville-Noumea/POC Keycloak NCConnect/keycloak/build/resources/keycloak-11/domain/servers/load-balancer/configuration
	jboss.server.data.dir = /media/presta/DVA_64/RedStone/Ville-Noumea/POC Keycloak NCConnect/keycloak/build/resources/keycloak-11/domain/servers/load-balancer/data
	jboss.server.deploy.dir = /media/presta/DVA_64/RedStone/Ville-Noumea/POC Keycloak NCConnect/keycloak/build/resources/keycloak-11/domain/servers/load-balancer/data/content
	jboss.server.log.dir = /media/presta/DVA_64/RedStone/Ville-Noumea/POC Keycloak NCConnect/keycloak/build/resources/keycloak-11/domain/servers/load-balancer/log
	jboss.server.name = load-balancer
	jboss.server.persist.config = true
	jboss.server.temp.dir = /media/presta/DVA_64/RedStone/Ville-Noumea/POC Keycloak NCConnect/keycloak/build/resources/keycloak-11/domain/servers/load-balancer/tmp
	jdk.debug = release
	line.separator = 

	logging.configuration = file:/media/presta/DVA_64/RedStone/Ville-Noumea/POC%20Keycloak%20NCConnect/keycloak/build/resources/keycloak-11/domain/servers/load-balancer/data/logging.properties
	module.path = /media/presta/DVA_64/RedStone/Ville-Noumea/POC Keycloak NCConnect/keycloak/build/resources/keycloak-11/modules
	org.jboss.resolver.warning = true
	os.arch = amd64
	os.name = Linux
	os.version = 5.4.0-26-generic
	path.separator = :
	sun.arch.data.model = 64
	sun.boot.library.path = /usr/lib/jvm/java-11-openjdk-amd64/lib
	sun.cpu.endian = little
	sun.cpu.isalist = 
	sun.desktop = gnome
	sun.io.unicode.encoding = UnicodeLittle
	sun.java.command = /media/presta/DVA_64/RedStone/Ville-Noumea/POC Keycloak NCConnect/keycloak/build/resources/keycloak-11/jboss-modules.jar -mp /media/presta/DVA_64/RedStone/Ville-Noumea/POC Keycloak NCConnect/keycloak/build/resources/keycloak-11/modules org.jboss.as.server
	sun.java.launcher = SUN_STANDARD
	sun.jnu.encoding = UTF-8
	sun.management.compiler = HotSpot 64-Bit Tiered Compilers
	sun.os.patch.level = unknown
	user.country = FR
	user.dir = /media/presta/DVA_64/RedStone/Ville-Noumea/POC Keycloak NCConnect/keycloak/build/resources/keycloak-11
	user.home = /home/presta
	user.language = fr
	user.name = presta
	user.timezone = Pacific/Noumea
2020-11-25 07:29:30,968 DEBUG [org.jboss.as.config] (MSC service thread 1-2) VM Arguments: --add-exports=java.base/sun.nio.ch=ALL-UNNAMED --add-exports=jdk.unsupported/sun.reflect=ALL-UNNAMED --add-exports=jdk.unsupported/sun.misc=ALL-UNNAMED -D[Server:load-balancer] -D[pcid:687924896] -Xms64m -Xmx512m -XX:MetaspaceSize=96m -XX:MaxMetaspaceSize=256m -Djava.awt.headless=true -Djava.net.preferIPv4Stack=true -Djboss.home.dir=/media/presta/DVA_64/RedStone/Ville-Noumea/POC Keycloak NCConnect/keycloak/build/resources/keycloak-11 -Djboss.modules.system.pkgs=org.jboss.byteman -Djboss.server.log.dir=/media/presta/DVA_64/RedStone/Ville-Noumea/POC Keycloak NCConnect/keycloak/build/resources/keycloak-11/domain/servers/load-balancer/log -Djboss.server.temp.dir=/media/presta/DVA_64/RedStone/Ville-Noumea/POC Keycloak NCConnect/keycloak/build/resources/keycloak-11/domain/servers/load-balancer/tmp -Djboss.server.data.dir=/media/presta/DVA_64/RedStone/Ville-Noumea/POC Keycloak NCConnect/keycloak/build/resources/keycloak-11/domain/servers/load-balancer/data -Dlogging.configuration=file:/media/presta/DVA_64/RedStone/Ville-Noumea/POC%20Keycloak%20NCConnect/keycloak/build/resources/keycloak-11/domain/servers/load-balancer/data/logging.properties 
2020-11-25 07:29:31,164 INFO  [org.xnio] (MSC service thread 1-1) XNIO version 3.8.1.Final
2020-11-25 07:29:31,190 INFO  [org.xnio.nio] (MSC service thread 1-1) XNIO NIO Implementation Version 3.8.1.Final
2020-11-25 07:29:31,248 INFO  [org.jboss.remoting] (MSC service thread 1-7) JBoss Remoting version 5.0.18.Final
2020-11-25 07:29:31,591 INFO  [org.wildfly.security] (ServerService Thread Pool -- 2) ELY00001: WildFly Elytron version 1.12.1.Final
2020-11-25 07:29:34,983 INFO  [org.wildfly.extension.io] (ServerService Thread Pool -- 5) WFLYIO001: Worker 'default' has auto-configured to 8 IO threads with 64 max task threads based on your 4 available processors
2020-11-25 07:29:35,040 INFO  [org.wildfly.extension.undertow] (MSC service thread 1-4) WFLYUT0003: Undertow 2.1.3.Final starting
2020-11-25 07:29:35,153 WARN  [org.wildfly.clustering.web.undertow] (ServerService Thread Pool -- 21) WFLYCLWEBUT0007: No routing provider found for default-server; using legacy provider based on static configuration
2020-11-25 07:29:35,217 INFO  [io.undertow] (MSC service thread 1-8) UT005039: Undertow starts mod_cluster proxy advertisements on /224.0.1.105:23364 with frequency 10000 ms
2020-11-25 07:29:35,267 INFO  [org.wildfly.extension.undertow] (MSC service thread 1-6) WFLYUT0012: Started server default-server.
2020-11-25 07:29:35,272 INFO  [org.wildfly.extension.undertow] (MSC service thread 1-4) WFLYUT0018: Host default-host starting
2020-11-25 07:29:35,376 INFO  [org.wildfly.extension.undertow] (MSC service thread 1-1) WFLYUT0006: Undertow HTTP listener default listening on 127.0.0.1:8080
2020-11-25 07:29:35,383 INFO  [org.wildfly.extension.undertow] (MSC service thread 1-3) WFLYUT0006: Undertow HTTP listener management listening on 127.0.0.1:8090
2020-11-25 07:29:35,433 INFO  [org.jboss.as.patching] (MSC service thread 1-7) WFLYPAT0050: Keycloak cumulative patch ID is: base, one-off patches include: none
2020-11-25 07:29:35,457 WARN  [org.jboss.as.domain.management.security] (MSC service thread 1-6) WFLYDM0111: Keystore /media/presta/DVA_64/RedStone/Ville-Noumea/POC Keycloak NCConnect/keycloak/build/resources/keycloak-11/domain/configuration/application.keystore not found, it will be auto generated on first use with a self signed certificate for host localhost
2020-11-25 07:29:35,554 INFO  [org.jboss.as.server] (Controller Boot Thread) WFLYSRV0212: Resuming server
2020-11-25 07:29:35,560 INFO  [org.jboss.as] (Controller Boot Thread) WFLYSRV0025: Keycloak 11.0.3 (WildFly Core 12.0.3.Final) started in 6175ms - Started 75 of 90 services (41 services are lazy, passive or on-demand)
2020-11-25 07:29:50,400 INFO  [io.undertow] (default task-1) UT005053: Registering node master:server-one, connection: ajp://127.0.0.1:8159/?#
2020-11-25 07:29:50,409 INFO  [io.undertow] (default task-2) UT005045: Registering context /, for node master:server-one
2020-11-25 07:29:50,413 INFO  [io.undertow] (default task-1) UT005045: Registering context /wildfly-services, for node master:server-one
2020-11-25 07:29:50,600 INFO  [io.undertow] (default task-2) UT005047: Unregistering context /, from node master:server-one
2020-11-25 07:29:50,947 INFO  [io.undertow] (default task-2) UT005047: Unregistering context /wildfly-services, from node master:server-one
2020-11-25 07:29:51,258 INFO  [io.undertow] (default task-2) UT005045: Registering context /auth, for node master:server-one
2020-11-25 07:29:51,264 INFO  [io.undertow] (default task-2) UT005047: Unregistering context /auth, from node master:server-one
2020-11-25 07:29:51,276 INFO  [io.undertow] (default task-2) UT005044: Removing node master:server-one
2020-11-25 07:34:50,264 INFO  [org.jboss.as.server] (Thread-1) WFLYSRV0272: Suspending server
2020-11-25 07:34:50,270 INFO  [org.jboss.as.server] (Thread-1) WFLYSRV0220: Server shutdown has been requested via an OS signal
2020-11-25 07:34:50,276 INFO  [org.wildfly.extension.undertow] (MSC service thread 1-5) WFLYUT0008: Undertow HTTP listener default suspending
2020-11-25 07:34:50,276 INFO  [org.wildfly.extension.undertow] (MSC service thread 1-6) WFLYUT0008: Undertow HTTP listener management suspending
2020-11-25 07:34:50,292 INFO  [org.wildfly.extension.undertow] (MSC service thread 1-7) WFLYUT0019: Host default-host stopping
2020-11-25 07:34:50,551 INFO  [org.wildfly.extension.undertow] (MSC service thread 1-6) WFLYUT0007: Undertow HTTP listener management stopped, was bound to 127.0.0.1:8090
2020-11-25 07:34:50,285 INFO  [org.wildfly.extension.undertow] (MSC service thread 1-5) WFLYUT0007: Undertow HTTP listener default stopped, was bound to 127.0.0.1:8080
2020-11-25 07:34:50,561 INFO  [org.wildfly.extension.undertow] (MSC service thread 1-5) WFLYUT0004: Undertow 2.1.3.Final stopping
2020-11-25 07:34:50,593 INFO  [org.jboss.as] (MSC service thread 1-5) WFLYSRV0050: Keycloak 11.0.3 (WildFly Core 12.0.3.Final) stopped in 318ms
2020-11-25 07:36:45,992 INFO  [org.jboss.modules] (main) JBoss Modules version 1.10.1.Final
2020-11-25 07:36:46,463 INFO  [org.jboss.msc] (main) JBoss MSC version 1.4.11.Final
2020-11-25 07:36:46,469 INFO  [org.jboss.threads] (main) JBoss Threads version 2.3.3.Final
2020-11-25 07:36:46,593 INFO  [org.jboss.as] (MSC service thread 1-3) WFLYSRV0049: Keycloak 11.0.3 (WildFly Core 12.0.3.Final) starting
2020-11-25 07:36:46,596 DEBUG [org.jboss.as.config] (MSC service thread 1-3) Configured system properties:
	[Server:load-balancer] = 
	[pcid:1671290533] = 
	awt.toolkit = sun.awt.X11.XToolkit
	file.encoding = UTF-8
	file.separator = /
	java.awt.graphicsenv = sun.awt.X11GraphicsEnvironment
	java.awt.headless = true
	java.awt.printerjob = sun.print.PSPrinterJob
	java.class.path = /media/presta/DVA_64/RedStone/Ville-Noumea/POC Keycloak NCConnect/keycloak/build/resources/keycloak-11/jboss-modules.jar
	java.class.version = 55.0
	java.home = /usr/lib/jvm/java-11-openjdk-amd64
	java.io.tmpdir = /tmp
	java.library.path = /usr/java/packages/lib:/usr/lib/x86_64-linux-gnu/jni:/lib/x86_64-linux-gnu:/usr/lib/x86_64-linux-gnu:/usr/lib/jni:/lib:/usr/lib
	java.net.preferIPv4Stack = true
	java.runtime.name = OpenJDK Runtime Environment
	java.runtime.version = 11.0.9+11-Ubuntu-0ubuntu1.20.04
	java.specification.name = Java Platform API Specification
	java.specification.vendor = Oracle Corporation
	java.specification.version = 11
	java.util.logging.manager = org.jboss.logmanager.LogManager
	java.vendor = Ubuntu
	java.vendor.url = https://ubuntu.com/
	java.vendor.url.bug = https://bugs.launchpad.net/ubuntu/+source/openjdk-lts
	java.version = 11.0.9
	java.version.date = 2020-10-20
	java.vm.compressedOopsMode = 32-bit
	java.vm.info = mixed mode, sharing
	java.vm.name = OpenJDK 64-Bit Server VM
	java.vm.specification.name = Java Virtual Machine Specification
	java.vm.specification.vendor = Oracle Corporation
	java.vm.specification.version = 11
	java.vm.vendor = Ubuntu
	java.vm.version = 11.0.9+11-Ubuntu-0ubuntu1.20.04
	javax.management.builder.initial = org.jboss.as.jmx.PluggableMBeanServerBuilder
	jboss.domain.base.dir = /media/presta/DVA_64/RedStone/Ville-Noumea/POC Keycloak NCConnect/keycloak/build/resources/keycloak-11/domain
	jboss.domain.config.dir = /media/presta/DVA_64/RedStone/Ville-Noumea/POC Keycloak NCConnect/keycloak/build/resources/keycloak-11/domain/configuration
	jboss.home.dir = /media/presta/DVA_64/RedStone/Ville-Noumea/POC Keycloak NCConnect/keycloak/build/resources/keycloak-11
	jboss.host.name = mi3074
	jboss.modules.dir = /media/presta/DVA_64/RedStone/Ville-Noumea/POC Keycloak NCConnect/keycloak/build/resources/keycloak-11/modules
	jboss.modules.system.pkgs = org.jboss.byteman
	jboss.node.name = master:load-balancer
	jboss.qualified.host.name = mi3074
	jboss.server.base.dir = /media/presta/DVA_64/RedStone/Ville-Noumea/POC Keycloak NCConnect/keycloak/build/resources/keycloak-11/domain/servers/load-balancer
	jboss.server.config.dir = /media/presta/DVA_64/RedStone/Ville-Noumea/POC Keycloak NCConnect/keycloak/build/resources/keycloak-11/domain/servers/load-balancer/configuration
	jboss.server.data.dir = /media/presta/DVA_64/RedStone/Ville-Noumea/POC Keycloak NCConnect/keycloak/build/resources/keycloak-11/domain/servers/load-balancer/data
	jboss.server.deploy.dir = /media/presta/DVA_64/RedStone/Ville-Noumea/POC Keycloak NCConnect/keycloak/build/resources/keycloak-11/domain/servers/load-balancer/data/content
	jboss.server.log.dir = /media/presta/DVA_64/RedStone/Ville-Noumea/POC Keycloak NCConnect/keycloak/build/resources/keycloak-11/domain/servers/load-balancer/log
	jboss.server.name = load-balancer
	jboss.server.persist.config = true
	jboss.server.temp.dir = /media/presta/DVA_64/RedStone/Ville-Noumea/POC Keycloak NCConnect/keycloak/build/resources/keycloak-11/domain/servers/load-balancer/tmp
	jdk.debug = release
	line.separator = 

	logging.configuration = file:/media/presta/DVA_64/RedStone/Ville-Noumea/POC%20Keycloak%20NCConnect/keycloak/build/resources/keycloak-11/domain/servers/load-balancer/data/logging.properties
	module.path = /media/presta/DVA_64/RedStone/Ville-Noumea/POC Keycloak NCConnect/keycloak/build/resources/keycloak-11/modules
	org.jboss.resolver.warning = true
	os.arch = amd64
	os.name = Linux
	os.version = 5.4.0-26-generic
	path.separator = :
	sun.arch.data.model = 64
	sun.boot.library.path = /usr/lib/jvm/java-11-openjdk-amd64/lib
	sun.cpu.endian = little
	sun.cpu.isalist = 
	sun.desktop = gnome
	sun.io.unicode.encoding = UnicodeLittle
	sun.java.command = /media/presta/DVA_64/RedStone/Ville-Noumea/POC Keycloak NCConnect/keycloak/build/resources/keycloak-11/jboss-modules.jar -mp /media/presta/DVA_64/RedStone/Ville-Noumea/POC Keycloak NCConnect/keycloak/build/resources/keycloak-11/modules org.jboss.as.server
	sun.java.launcher = SUN_STANDARD
	sun.jnu.encoding = UTF-8
	sun.management.compiler = HotSpot 64-Bit Tiered Compilers
	sun.os.patch.level = unknown
	user.country = FR
	user.dir = /media/presta/DVA_64/RedStone/Ville-Noumea/POC Keycloak NCConnect/keycloak/build/resources/keycloak-11
	user.home = /home/presta
	user.language = fr
	user.name = presta
	user.timezone = Pacific/Noumea
2020-11-25 07:36:46,600 DEBUG [org.jboss.as.config] (MSC service thread 1-3) VM Arguments: --add-exports=java.base/sun.nio.ch=ALL-UNNAMED --add-exports=jdk.unsupported/sun.reflect=ALL-UNNAMED --add-exports=jdk.unsupported/sun.misc=ALL-UNNAMED -D[Server:load-balancer] -D[pcid:1671290533] -Xms64m -Xmx512m -XX:MetaspaceSize=96m -XX:MaxMetaspaceSize=256m -Djava.awt.headless=true -Djava.net.preferIPv4Stack=true -Djboss.home.dir=/media/presta/DVA_64/RedStone/Ville-Noumea/POC Keycloak NCConnect/keycloak/build/resources/keycloak-11 -Djboss.modules.system.pkgs=org.jboss.byteman -Djboss.server.log.dir=/media/presta/DVA_64/RedStone/Ville-Noumea/POC Keycloak NCConnect/keycloak/build/resources/keycloak-11/domain/servers/load-balancer/log -Djboss.server.temp.dir=/media/presta/DVA_64/RedStone/Ville-Noumea/POC Keycloak NCConnect/keycloak/build/resources/keycloak-11/domain/servers/load-balancer/tmp -Djboss.server.data.dir=/media/presta/DVA_64/RedStone/Ville-Noumea/POC Keycloak NCConnect/keycloak/build/resources/keycloak-11/domain/servers/load-balancer/data -Dlogging.configuration=file:/media/presta/DVA_64/RedStone/Ville-Noumea/POC%20Keycloak%20NCConnect/keycloak/build/resources/keycloak-11/domain/servers/load-balancer/data/logging.properties 
2020-11-25 07:36:46,761 INFO  [org.xnio] (MSC service thread 1-5) XNIO version 3.8.1.Final
2020-11-25 07:36:46,783 INFO  [org.xnio.nio] (MSC service thread 1-5) XNIO NIO Implementation Version 3.8.1.Final
2020-11-25 07:36:46,820 INFO  [org.jboss.remoting] (MSC service thread 1-5) JBoss Remoting version 5.0.18.Final
2020-11-25 07:36:47,134 INFO  [org.wildfly.security] (ServerService Thread Pool -- 2) ELY00001: WildFly Elytron version 1.12.1.Final
2020-11-25 07:36:49,214 INFO  [org.wildfly.extension.io] (ServerService Thread Pool -- 5) WFLYIO001: Worker 'default' has auto-configured to 8 IO threads with 64 max task threads based on your 4 available processors
2020-11-25 07:36:49,279 INFO  [org.wildfly.extension.undertow] (MSC service thread 1-2) WFLYUT0003: Undertow 2.1.3.Final starting
2020-11-25 07:36:49,370 WARN  [org.wildfly.clustering.web.undertow] (ServerService Thread Pool -- 21) WFLYCLWEBUT0007: No routing provider found for default-server; using legacy provider based on static configuration
2020-11-25 07:36:49,485 INFO  [io.undertow] (MSC service thread 1-4) UT005039: Undertow starts mod_cluster proxy advertisements on /224.0.1.105:23364 with frequency 10000 ms
2020-11-25 07:36:49,491 INFO  [org.wildfly.extension.undertow] (MSC service thread 1-3) WFLYUT0012: Started server default-server.
2020-11-25 07:36:49,507 INFO  [org.wildfly.extension.undertow] (MSC service thread 1-8) WFLYUT0018: Host default-host starting
2020-11-25 07:36:49,552 INFO  [org.wildfly.extension.undertow] (MSC service thread 1-1) WFLYUT0006: Undertow HTTP listener management listening on 127.0.0.1:8090
2020-11-25 07:36:49,553 INFO  [org.wildfly.extension.undertow] (MSC service thread 1-7) WFLYUT0006: Undertow HTTP listener default listening on 127.0.0.1:8080
2020-11-25 07:36:49,739 INFO  [org.jboss.as.patching] (MSC service thread 1-2) WFLYPAT0050: Keycloak cumulative patch ID is: base, one-off patches include: none
2020-11-25 07:36:49,782 WARN  [org.jboss.as.domain.management.security] (MSC service thread 1-7) WFLYDM0111: Keystore /media/presta/DVA_64/RedStone/Ville-Noumea/POC Keycloak NCConnect/keycloak/build/resources/keycloak-11/domain/configuration/application.keystore not found, it will be auto generated on first use with a self signed certificate for host localhost
2020-11-25 07:36:49,908 INFO  [org.jboss.as.server] (Controller Boot Thread) WFLYSRV0212: Resuming server
2020-11-25 07:36:49,944 INFO  [org.jboss.as] (Controller Boot Thread) WFLYSRV0025: Keycloak 11.0.3 (WildFly Core 12.0.3.Final) started in 4702ms - Started 75 of 90 services (41 services are lazy, passive or on-demand)
2020-11-25 07:37:01,174 INFO  [org.jboss.as.server] (Thread-1) WFLYSRV0272: Suspending server
2020-11-25 07:37:03,335 INFO  [org.jboss.as.server] (Thread-1) WFLYSRV0220: Server shutdown has been requested via an OS signal
2020-11-25 07:37:03,347 INFO  [org.wildfly.extension.undertow] (MSC service thread 1-4) WFLYUT0008: Undertow HTTP listener management suspending
2020-11-25 07:37:03,349 INFO  [org.wildfly.extension.undertow] (MSC service thread 1-5) WFLYUT0008: Undertow HTTP listener default suspending
2020-11-25 07:37:03,362 INFO  [org.wildfly.extension.undertow] (MSC service thread 1-4) WFLYUT0007: Undertow HTTP listener management stopped, was bound to 127.0.0.1:8090
2020-11-25 07:37:03,362 INFO  [org.wildfly.extension.undertow] (MSC service thread 1-6) WFLYUT0019: Host default-host stopping
2020-11-25 07:37:04,142 INFO  [org.wildfly.extension.undertow] (MSC service thread 1-5) WFLYUT0007: Undertow HTTP listener default stopped, was bound to 127.0.0.1:8080
2020-11-25 07:37:04,153 INFO  [org.wildfly.extension.undertow] (MSC service thread 1-1) WFLYUT0004: Undertow 2.1.3.Final stopping
2020-11-25 07:37:04,181 INFO  [org.jboss.as] (MSC service thread 1-6) WFLYSRV0050: Keycloak 11.0.3 (WildFly Core 12.0.3.Final) stopped in 815ms
2020-11-25 07:39:40,183 INFO  [org.jboss.modules] (main) JBoss Modules version 1.10.1.Final
2020-11-25 07:39:40,617 INFO  [org.jboss.msc] (main) JBoss MSC version 1.4.11.Final
2020-11-25 07:39:40,646 INFO  [org.jboss.threads] (main) JBoss Threads version 2.3.3.Final
2020-11-25 07:39:40,783 INFO  [org.jboss.as] (MSC service thread 1-2) WFLYSRV0049: Keycloak 11.0.3 (WildFly Core 12.0.3.Final) starting
2020-11-25 07:39:40,787 DEBUG [org.jboss.as.config] (MSC service thread 1-2) Configured system properties:
	[Server:load-balancer] = 
	[pcid:2038455778] = 
	awt.toolkit = sun.awt.X11.XToolkit
	file.encoding = UTF-8
	file.separator = /
	java.awt.graphicsenv = sun.awt.X11GraphicsEnvironment
	java.awt.headless = true
	java.awt.printerjob = sun.print.PSPrinterJob
	java.class.path = /media/presta/DVA_64/RedStone/Ville-Noumea/POC Keycloak NCConnect/keycloak/build/resources/keycloak-11/jboss-modules.jar
	java.class.version = 55.0
	java.home = /usr/lib/jvm/java-11-openjdk-amd64
	java.io.tmpdir = /tmp
	java.library.path = /usr/java/packages/lib:/usr/lib/x86_64-linux-gnu/jni:/lib/x86_64-linux-gnu:/usr/lib/x86_64-linux-gnu:/usr/lib/jni:/lib:/usr/lib
	java.net.preferIPv4Stack = true
	java.runtime.name = OpenJDK Runtime Environment
	java.runtime.version = 11.0.9+11-Ubuntu-0ubuntu1.20.04
	java.specification.name = Java Platform API Specification
	java.specification.vendor = Oracle Corporation
	java.specification.version = 11
	java.util.logging.manager = org.jboss.logmanager.LogManager
	java.vendor = Ubuntu
	java.vendor.url = https://ubuntu.com/
	java.vendor.url.bug = https://bugs.launchpad.net/ubuntu/+source/openjdk-lts
	java.version = 11.0.9
	java.version.date = 2020-10-20
	java.vm.compressedOopsMode = 32-bit
	java.vm.info = mixed mode, sharing
	java.vm.name = OpenJDK 64-Bit Server VM
	java.vm.specification.name = Java Virtual Machine Specification
	java.vm.specification.vendor = Oracle Corporation
	java.vm.specification.version = 11
	java.vm.vendor = Ubuntu
	java.vm.version = 11.0.9+11-Ubuntu-0ubuntu1.20.04
	javax.management.builder.initial = org.jboss.as.jmx.PluggableMBeanServerBuilder
	jboss.domain.base.dir = /media/presta/DVA_64/RedStone/Ville-Noumea/POC Keycloak NCConnect/keycloak/build/resources/keycloak-11/domain
	jboss.domain.config.dir = /media/presta/DVA_64/RedStone/Ville-Noumea/POC Keycloak NCConnect/keycloak/build/resources/keycloak-11/domain/configuration
	jboss.home.dir = /media/presta/DVA_64/RedStone/Ville-Noumea/POC Keycloak NCConnect/keycloak/build/resources/keycloak-11
	jboss.host.name = mi3074
	jboss.modules.dir = /media/presta/DVA_64/RedStone/Ville-Noumea/POC Keycloak NCConnect/keycloak/build/resources/keycloak-11/modules
	jboss.modules.system.pkgs = org.jboss.byteman
	jboss.node.name = master:load-balancer
	jboss.qualified.host.name = mi3074
	jboss.server.base.dir = /media/presta/DVA_64/RedStone/Ville-Noumea/POC Keycloak NCConnect/keycloak/build/resources/keycloak-11/domain/servers/load-balancer
	jboss.server.config.dir = /media/presta/DVA_64/RedStone/Ville-Noumea/POC Keycloak NCConnect/keycloak/build/resources/keycloak-11/domain/servers/load-balancer/configuration
	jboss.server.data.dir = /media/presta/DVA_64/RedStone/Ville-Noumea/POC Keycloak NCConnect/keycloak/build/resources/keycloak-11/domain/servers/load-balancer/data
	jboss.server.deploy.dir = /media/presta/DVA_64/RedStone/Ville-Noumea/POC Keycloak NCConnect/keycloak/build/resources/keycloak-11/domain/servers/load-balancer/data/content
	jboss.server.log.dir = /media/presta/DVA_64/RedStone/Ville-Noumea/POC Keycloak NCConnect/keycloak/build/resources/keycloak-11/domain/servers/load-balancer/log
	jboss.server.name = load-balancer
	jboss.server.persist.config = true
	jboss.server.temp.dir = /media/presta/DVA_64/RedStone/Ville-Noumea/POC Keycloak NCConnect/keycloak/build/resources/keycloak-11/domain/servers/load-balancer/tmp
	jdk.debug = release
	line.separator = 

	logging.configuration = file:/media/presta/DVA_64/RedStone/Ville-Noumea/POC%20Keycloak%20NCConnect/keycloak/build/resources/keycloak-11/domain/servers/load-balancer/data/logging.properties
	module.path = /media/presta/DVA_64/RedStone/Ville-Noumea/POC Keycloak NCConnect/keycloak/build/resources/keycloak-11/modules
	org.jboss.resolver.warning = true
	os.arch = amd64
	os.name = Linux
	os.version = 5.4.0-26-generic
	path.separator = :
	sun.arch.data.model = 64
	sun.boot.library.path = /usr/lib/jvm/java-11-openjdk-amd64/lib
	sun.cpu.endian = little
	sun.cpu.isalist = 
	sun.desktop = gnome
	sun.io.unicode.encoding = UnicodeLittle
	sun.java.command = /media/presta/DVA_64/RedStone/Ville-Noumea/POC Keycloak NCConnect/keycloak/build/resources/keycloak-11/jboss-modules.jar -mp /media/presta/DVA_64/RedStone/Ville-Noumea/POC Keycloak NCConnect/keycloak/build/resources/keycloak-11/modules org.jboss.as.server
	sun.java.launcher = SUN_STANDARD
	sun.jnu.encoding = UTF-8
	sun.management.compiler = HotSpot 64-Bit Tiered Compilers
	sun.os.patch.level = unknown
	user.country = FR
	user.dir = /media/presta/DVA_64/RedStone/Ville-Noumea/POC Keycloak NCConnect/keycloak/build/resources/keycloak-11
	user.home = /home/presta
	user.language = fr
	user.name = presta
	user.timezone = Pacific/Noumea
2020-11-25 07:39:40,792 DEBUG [org.jboss.as.config] (MSC service thread 1-2) VM Arguments: --add-exports=java.base/sun.nio.ch=ALL-UNNAMED --add-exports=jdk.unsupported/sun.reflect=ALL-UNNAMED --add-exports=jdk.unsupported/sun.misc=ALL-UNNAMED -D[Server:load-balancer] -D[pcid:2038455778] -Xms64m -Xmx512m -XX:MetaspaceSize=96m -XX:MaxMetaspaceSize=256m -Djava.awt.headless=true -Djava.net.preferIPv4Stack=true -Djboss.home.dir=/media/presta/DVA_64/RedStone/Ville-Noumea/POC Keycloak NCConnect/keycloak/build/resources/keycloak-11 -Djboss.modules.system.pkgs=org.jboss.byteman -Djboss.server.log.dir=/media/presta/DVA_64/RedStone/Ville-Noumea/POC Keycloak NCConnect/keycloak/build/resources/keycloak-11/domain/servers/load-balancer/log -Djboss.server.temp.dir=/media/presta/DVA_64/RedStone/Ville-Noumea/POC Keycloak NCConnect/keycloak/build/resources/keycloak-11/domain/servers/load-balancer/tmp -Djboss.server.data.dir=/media/presta/DVA_64/RedStone/Ville-Noumea/POC Keycloak NCConnect/keycloak/build/resources/keycloak-11/domain/servers/load-balancer/data -Dlogging.configuration=file:/media/presta/DVA_64/RedStone/Ville-Noumea/POC%20Keycloak%20NCConnect/keycloak/build/resources/keycloak-11/domain/servers/load-balancer/data/logging.properties 
2020-11-25 07:39:41,008 INFO  [org.xnio] (MSC service thread 1-6) XNIO version 3.8.1.Final
2020-11-25 07:39:41,015 INFO  [org.xnio.nio] (MSC service thread 1-6) XNIO NIO Implementation Version 3.8.1.Final
2020-11-25 07:39:41,057 INFO  [org.jboss.remoting] (MSC service thread 1-2) JBoss Remoting version 5.0.18.Final
2020-11-25 07:39:41,455 INFO  [org.wildfly.security] (ServerService Thread Pool -- 2) ELY00001: WildFly Elytron version 1.12.1.Final
2020-11-25 07:39:43,694 INFO  [org.wildfly.extension.io] (ServerService Thread Pool -- 5) WFLYIO001: Worker 'default' has auto-configured to 8 IO threads with 64 max task threads based on your 4 available processors
2020-11-25 07:39:43,714 INFO  [org.wildfly.extension.undertow] (MSC service thread 1-2) WFLYUT0003: Undertow 2.1.3.Final starting
2020-11-25 07:39:43,842 WARN  [org.wildfly.clustering.web.undertow] (ServerService Thread Pool -- 24) WFLYCLWEBUT0007: No routing provider found for default-server; using legacy provider based on static configuration
2020-11-25 07:39:43,934 INFO  [io.undertow] (MSC service thread 1-5) UT005039: Undertow starts mod_cluster proxy advertisements on /224.0.1.105:23364 with frequency 10000 ms
2020-11-25 07:39:43,972 INFO  [org.wildfly.extension.undertow] (MSC service thread 1-6) WFLYUT0012: Started server default-server.
2020-11-25 07:39:43,981 INFO  [org.wildfly.extension.undertow] (MSC service thread 1-3) WFLYUT0018: Host default-host starting
2020-11-25 07:39:44,049 INFO  [org.wildfly.extension.undertow] (MSC service thread 1-7) WFLYUT0006: Undertow HTTP listener default listening on 127.0.0.1:8080
2020-11-25 07:39:44,052 INFO  [org.wildfly.extension.undertow] (MSC service thread 1-5) WFLYUT0006: Undertow HTTP listener management listening on 127.0.0.1:8090
2020-11-25 07:39:44,122 INFO  [org.jboss.as.patching] (MSC service thread 1-5) WFLYPAT0050: Keycloak cumulative patch ID is: base, one-off patches include: none
2020-11-25 07:39:44,165 WARN  [org.jboss.as.domain.management.security] (MSC service thread 1-3) WFLYDM0111: Keystore /media/presta/DVA_64/RedStone/Ville-Noumea/POC Keycloak NCConnect/keycloak/build/resources/keycloak-11/domain/configuration/application.keystore not found, it will be auto generated on first use with a self signed certificate for host localhost
2020-11-25 07:39:44,350 INFO  [org.jboss.as.server] (Controller Boot Thread) WFLYSRV0212: Resuming server
2020-11-25 07:39:44,369 INFO  [org.jboss.as] (Controller Boot Thread) WFLYSRV0025: Keycloak 11.0.3 (WildFly Core 12.0.3.Final) started in 4936ms - Started 75 of 90 services (41 services are lazy, passive or on-demand)
2020-11-25 07:39:52,733 INFO  [org.jboss.as.server] (Thread-1) WFLYSRV0272: Suspending server
2020-11-25 07:39:53,614 INFO  [org.jboss.as.server] (Thread-1) WFLYSRV0220: Server shutdown has been requested via an OS signal
2020-11-25 07:39:53,641 INFO  [org.wildfly.extension.undertow] (MSC service thread 1-3) WFLYUT0008: Undertow HTTP listener default suspending
2020-11-25 07:39:53,641 INFO  [org.wildfly.extension.undertow] (MSC service thread 1-1) WFLYUT0008: Undertow HTTP listener management suspending
2020-11-25 07:39:53,646 INFO  [org.wildfly.extension.undertow] (MSC service thread 1-1) WFLYUT0007: Undertow HTTP listener management stopped, was bound to 127.0.0.1:8090
2020-11-25 07:39:53,644 INFO  [org.wildfly.extension.undertow] (MSC service thread 1-3) WFLYUT0007: Undertow HTTP listener default stopped, was bound to 127.0.0.1:8080
2020-11-25 07:39:53,648 INFO  [org.wildfly.extension.undertow] (MSC service thread 1-1) WFLYUT0019: Host default-host stopping
2020-11-25 07:39:53,652 INFO  [org.wildfly.extension.undertow] (MSC service thread 1-3) WFLYUT0004: Undertow 2.1.3.Final stopping
2020-11-25 07:39:53,714 INFO  [org.jboss.as] (MSC service thread 1-3) WFLYSRV0050: Keycloak 11.0.3 (WildFly Core 12.0.3.Final) stopped in 61ms
2020-11-25 07:40:18,400 INFO  [org.jboss.modules] (main) JBoss Modules version 1.10.1.Final
2020-11-25 07:40:18,854 INFO  [org.jboss.msc] (main) JBoss MSC version 1.4.11.Final
2020-11-25 07:40:18,861 INFO  [org.jboss.threads] (main) JBoss Threads version 2.3.3.Final
2020-11-25 07:40:19,009 INFO  [org.jboss.as] (MSC service thread 1-2) WFLYSRV0049: Keycloak 11.0.3 (WildFly Core 12.0.3.Final) starting
2020-11-25 07:40:19,011 DEBUG [org.jboss.as.config] (MSC service thread 1-2) Configured system properties:
	[Server:load-balancer] = 
	[pcid:183598250] = 
	awt.toolkit = sun.awt.X11.XToolkit
	file.encoding = UTF-8
	file.separator = /
	java.awt.graphicsenv = sun.awt.X11GraphicsEnvironment
	java.awt.headless = true
	java.awt.printerjob = sun.print.PSPrinterJob
	java.class.path = /media/presta/DVA_64/RedStone/Ville-Noumea/POC Keycloak NCConnect/keycloak/build/resources/keycloak-11/jboss-modules.jar
	java.class.version = 55.0
	java.home = /usr/lib/jvm/java-11-openjdk-amd64
	java.io.tmpdir = /tmp
	java.library.path = /usr/java/packages/lib:/usr/lib/x86_64-linux-gnu/jni:/lib/x86_64-linux-gnu:/usr/lib/x86_64-linux-gnu:/usr/lib/jni:/lib:/usr/lib
	java.net.preferIPv4Stack = true
	java.runtime.name = OpenJDK Runtime Environment
	java.runtime.version = 11.0.9+11-Ubuntu-0ubuntu1.20.04
	java.specification.name = Java Platform API Specification
	java.specification.vendor = Oracle Corporation
	java.specification.version = 11
	java.util.logging.manager = org.jboss.logmanager.LogManager
	java.vendor = Ubuntu
	java.vendor.url = https://ubuntu.com/
	java.vendor.url.bug = https://bugs.launchpad.net/ubuntu/+source/openjdk-lts
	java.version = 11.0.9
	java.version.date = 2020-10-20
	java.vm.compressedOopsMode = 32-bit
	java.vm.info = mixed mode, sharing
	java.vm.name = OpenJDK 64-Bit Server VM
	java.vm.specification.name = Java Virtual Machine Specification
	java.vm.specification.vendor = Oracle Corporation
	java.vm.specification.version = 11
	java.vm.vendor = Ubuntu
	java.vm.version = 11.0.9+11-Ubuntu-0ubuntu1.20.04
	javax.management.builder.initial = org.jboss.as.jmx.PluggableMBeanServerBuilder
	jboss.domain.base.dir = /media/presta/DVA_64/RedStone/Ville-Noumea/POC Keycloak NCConnect/keycloak/build/resources/keycloak-11/domain
	jboss.domain.config.dir = /media/presta/DVA_64/RedStone/Ville-Noumea/POC Keycloak NCConnect/keycloak/build/resources/keycloak-11/domain/configuration
	jboss.home.dir = /media/presta/DVA_64/RedStone/Ville-Noumea/POC Keycloak NCConnect/keycloak/build/resources/keycloak-11
	jboss.host.name = mi3074
	jboss.modules.dir = /media/presta/DVA_64/RedStone/Ville-Noumea/POC Keycloak NCConnect/keycloak/build/resources/keycloak-11/modules
	jboss.modules.system.pkgs = org.jboss.byteman
	jboss.node.name = master:load-balancer
	jboss.qualified.host.name = mi3074
	jboss.server.base.dir = /media/presta/DVA_64/RedStone/Ville-Noumea/POC Keycloak NCConnect/keycloak/build/resources/keycloak-11/domain/servers/load-balancer
	jboss.server.config.dir = /media/presta/DVA_64/RedStone/Ville-Noumea/POC Keycloak NCConnect/keycloak/build/resources/keycloak-11/domain/servers/load-balancer/configuration
	jboss.server.data.dir = /media/presta/DVA_64/RedStone/Ville-Noumea/POC Keycloak NCConnect/keycloak/build/resources/keycloak-11/domain/servers/load-balancer/data
	jboss.server.deploy.dir = /media/presta/DVA_64/RedStone/Ville-Noumea/POC Keycloak NCConnect/keycloak/build/resources/keycloak-11/domain/servers/load-balancer/data/content
	jboss.server.log.dir = /media/presta/DVA_64/RedStone/Ville-Noumea/POC Keycloak NCConnect/keycloak/build/resources/keycloak-11/domain/servers/load-balancer/log
	jboss.server.name = load-balancer
	jboss.server.persist.config = true
	jboss.server.temp.dir = /media/presta/DVA_64/RedStone/Ville-Noumea/POC Keycloak NCConnect/keycloak/build/resources/keycloak-11/domain/servers/load-balancer/tmp
	jdk.debug = release
	line.separator = 

	logging.configuration = file:/media/presta/DVA_64/RedStone/Ville-Noumea/POC%20Keycloak%20NCConnect/keycloak/build/resources/keycloak-11/domain/servers/load-balancer/data/logging.properties
	module.path = /media/presta/DVA_64/RedStone/Ville-Noumea/POC Keycloak NCConnect/keycloak/build/resources/keycloak-11/modules
	org.jboss.resolver.warning = true
	os.arch = amd64
	os.name = Linux
	os.version = 5.4.0-26-generic
	path.separator = :
	sun.arch.data.model = 64
	sun.boot.library.path = /usr/lib/jvm/java-11-openjdk-amd64/lib
	sun.cpu.endian = little
	sun.cpu.isalist = 
	sun.desktop = gnome
	sun.io.unicode.encoding = UnicodeLittle
	sun.java.command = /media/presta/DVA_64/RedStone/Ville-Noumea/POC Keycloak NCConnect/keycloak/build/resources/keycloak-11/jboss-modules.jar -mp /media/presta/DVA_64/RedStone/Ville-Noumea/POC Keycloak NCConnect/keycloak/build/resources/keycloak-11/modules org.jboss.as.server
	sun.java.launcher = SUN_STANDARD
	sun.jnu.encoding = UTF-8
	sun.management.compiler = HotSpot 64-Bit Tiered Compilers
	sun.os.patch.level = unknown
	user.country = FR
	user.dir = /media/presta/DVA_64/RedStone/Ville-Noumea/POC Keycloak NCConnect/keycloak/build/resources/keycloak-11
	user.home = /home/presta
	user.language = fr
	user.name = presta
	user.timezone = Pacific/Noumea
2020-11-25 07:40:19,017 DEBUG [org.jboss.as.config] (MSC service thread 1-2) VM Arguments: --add-exports=java.base/sun.nio.ch=ALL-UNNAMED --add-exports=jdk.unsupported/sun.reflect=ALL-UNNAMED --add-exports=jdk.unsupported/sun.misc=ALL-UNNAMED -D[Server:load-balancer] -D[pcid:183598250] -Xms64m -Xmx512m -XX:MetaspaceSize=96m -XX:MaxMetaspaceSize=256m -Djava.awt.headless=true -Djava.net.preferIPv4Stack=true -Djboss.home.dir=/media/presta/DVA_64/RedStone/Ville-Noumea/POC Keycloak NCConnect/keycloak/build/resources/keycloak-11 -Djboss.modules.system.pkgs=org.jboss.byteman -Djboss.server.log.dir=/media/presta/DVA_64/RedStone/Ville-Noumea/POC Keycloak NCConnect/keycloak/build/resources/keycloak-11/domain/servers/load-balancer/log -Djboss.server.temp.dir=/media/presta/DVA_64/RedStone/Ville-Noumea/POC Keycloak NCConnect/keycloak/build/resources/keycloak-11/domain/servers/load-balancer/tmp -Djboss.server.data.dir=/media/presta/DVA_64/RedStone/Ville-Noumea/POC Keycloak NCConnect/keycloak/build/resources/keycloak-11/domain/servers/load-balancer/data -Dlogging.configuration=file:/media/presta/DVA_64/RedStone/Ville-Noumea/POC%20Keycloak%20NCConnect/keycloak/build/resources/keycloak-11/domain/servers/load-balancer/data/logging.properties 
2020-11-25 07:40:19,188 INFO  [org.xnio] (MSC service thread 1-5) XNIO version 3.8.1.Final
2020-11-25 07:40:19,198 INFO  [org.xnio.nio] (MSC service thread 1-5) XNIO NIO Implementation Version 3.8.1.Final
2020-11-25 07:40:19,240 INFO  [org.jboss.remoting] (MSC service thread 1-8) JBoss Remoting version 5.0.18.Final
2020-11-25 07:40:19,570 INFO  [org.wildfly.security] (ServerService Thread Pool -- 2) ELY00001: WildFly Elytron version 1.12.1.Final
2020-11-25 07:40:21,616 INFO  [org.wildfly.extension.io] (ServerService Thread Pool -- 7) WFLYIO001: Worker 'default' has auto-configured to 8 IO threads with 64 max task threads based on your 4 available processors
2020-11-25 07:40:21,634 INFO  [org.wildfly.extension.undertow] (MSC service thread 1-7) WFLYUT0003: Undertow 2.1.3.Final starting
2020-11-25 07:40:21,778 WARN  [org.wildfly.clustering.web.undertow] (ServerService Thread Pool -- 20) WFLYCLWEBUT0007: No routing provider found for default-server; using legacy provider based on static configuration
2020-11-25 07:40:21,897 INFO  [org.wildfly.extension.undertow] (MSC service thread 1-2) WFLYUT0012: Started server default-server.
2020-11-25 07:40:21,904 INFO  [org.wildfly.extension.undertow] (MSC service thread 1-4) WFLYUT0018: Host default-host starting
2020-11-25 07:40:21,953 INFO  [io.undertow] (MSC service thread 1-7) UT005039: Undertow starts mod_cluster proxy advertisements on /224.0.1.105:23364 with frequency 10000 ms
2020-11-25 07:40:21,975 INFO  [org.wildfly.extension.undertow] (MSC service thread 1-3) WFLYUT0006: Undertow HTTP listener management listening on 127.0.0.1:8090
2020-11-25 07:40:21,976 INFO  [org.wildfly.extension.undertow] (MSC service thread 1-8) WFLYUT0006: Undertow HTTP listener default listening on 127.0.0.1:8080
2020-11-25 07:40:22,077 INFO  [org.jboss.as.patching] (MSC service thread 1-8) WFLYPAT0050: Keycloak cumulative patch ID is: base, one-off patches include: none
2020-11-25 07:40:22,180 WARN  [org.jboss.as.domain.management.security] (MSC service thread 1-4) WFLYDM0111: Keystore /media/presta/DVA_64/RedStone/Ville-Noumea/POC Keycloak NCConnect/keycloak/build/resources/keycloak-11/domain/configuration/application.keystore not found, it will be auto generated on first use with a self signed certificate for host localhost
2020-11-25 07:40:22,285 INFO  [org.jboss.as.server] (Controller Boot Thread) WFLYSRV0212: Resuming server
2020-11-25 07:40:22,291 INFO  [org.jboss.as] (Controller Boot Thread) WFLYSRV0025: Keycloak 11.0.3 (WildFly Core 12.0.3.Final) started in 4654ms - Started 75 of 90 services (41 services are lazy, passive or on-demand)
2020-11-25 07:40:30,469 INFO  [org.jboss.as.server] (Thread-1) WFLYSRV0272: Suspending server
2020-11-25 07:40:30,487 INFO  [org.jboss.as.server] (Thread-1) WFLYSRV0220: Server shutdown has been requested via an OS signal
2020-11-25 07:40:30,500 INFO  [org.wildfly.extension.undertow] (MSC service thread 1-1) WFLYUT0008: Undertow HTTP listener default suspending
2020-11-25 07:40:30,507 INFO  [org.wildfly.extension.undertow] (MSC service thread 1-2) WFLYUT0008: Undertow HTTP listener management suspending
2020-11-25 07:40:30,511 INFO  [org.wildfly.extension.undertow] (MSC service thread 1-1) WFLYUT0007: Undertow HTTP listener default stopped, was bound to 127.0.0.1:8080
2020-11-25 07:40:30,512 INFO  [org.wildfly.extension.undertow] (MSC service thread 1-2) WFLYUT0007: Undertow HTTP listener management stopped, was bound to 127.0.0.1:8090
2020-11-25 07:40:30,510 INFO  [org.wildfly.extension.undertow] (MSC service thread 1-3) WFLYUT0019: Host default-host stopping
2020-11-25 07:40:30,531 INFO  [org.wildfly.extension.undertow] (MSC service thread 1-5) WFLYUT0004: Undertow 2.1.3.Final stopping
2020-11-25 07:40:33,216 INFO  [org.jboss.as] (MSC service thread 1-5) WFLYSRV0050: Keycloak 11.0.3 (WildFly Core 12.0.3.Final) stopped in 2702ms
2020-11-25 07:42:00,585 INFO  [org.jboss.modules] (main) JBoss Modules version 1.10.1.Final
2020-11-25 07:42:01,059 INFO  [org.jboss.msc] (main) JBoss MSC version 1.4.11.Final
2020-11-25 07:42:01,066 INFO  [org.jboss.threads] (main) JBoss Threads version 2.3.3.Final
2020-11-25 07:42:01,197 INFO  [org.jboss.as] (MSC service thread 1-2) WFLYSRV0049: Keycloak 11.0.3 (WildFly Core 12.0.3.Final) starting
2020-11-25 07:42:01,201 DEBUG [org.jboss.as.config] (MSC service thread 1-2) Configured system properties:
	[Server:load-balancer] = 
	[pcid:547611814] = 
	awt.toolkit = sun.awt.X11.XToolkit
	file.encoding = UTF-8
	file.separator = /
	java.awt.graphicsenv = sun.awt.X11GraphicsEnvironment
	java.awt.headless = true
	java.awt.printerjob = sun.print.PSPrinterJob
	java.class.path = /media/presta/DVA_64/RedStone/Ville-Noumea/POC Keycloak NCConnect/keycloak/build/resources/keycloak-11/jboss-modules.jar
	java.class.version = 55.0
	java.home = /usr/lib/jvm/java-11-openjdk-amd64
	java.io.tmpdir = /tmp
	java.library.path = /usr/java/packages/lib:/usr/lib/x86_64-linux-gnu/jni:/lib/x86_64-linux-gnu:/usr/lib/x86_64-linux-gnu:/usr/lib/jni:/lib:/usr/lib
	java.net.preferIPv4Stack = true
	java.runtime.name = OpenJDK Runtime Environment
	java.runtime.version = 11.0.9+11-Ubuntu-0ubuntu1.20.04
	java.specification.name = Java Platform API Specification
	java.specification.vendor = Oracle Corporation
	java.specification.version = 11
	java.util.logging.manager = org.jboss.logmanager.LogManager
	java.vendor = Ubuntu
	java.vendor.url = https://ubuntu.com/
	java.vendor.url.bug = https://bugs.launchpad.net/ubuntu/+source/openjdk-lts
	java.version = 11.0.9
	java.version.date = 2020-10-20
	java.vm.compressedOopsMode = 32-bit
	java.vm.info = mixed mode, sharing
	java.vm.name = OpenJDK 64-Bit Server VM
	java.vm.specification.name = Java Virtual Machine Specification
	java.vm.specification.vendor = Oracle Corporation
	java.vm.specification.version = 11
	java.vm.vendor = Ubuntu
	java.vm.version = 11.0.9+11-Ubuntu-0ubuntu1.20.04
	javax.management.builder.initial = org.jboss.as.jmx.PluggableMBeanServerBuilder
	jboss.domain.base.dir = /media/presta/DVA_64/RedStone/Ville-Noumea/POC Keycloak NCConnect/keycloak/build/resources/keycloak-11/domain
	jboss.domain.config.dir = /media/presta/DVA_64/RedStone/Ville-Noumea/POC Keycloak NCConnect/keycloak/build/resources/keycloak-11/domain/configuration
	jboss.home.dir = /media/presta/DVA_64/RedStone/Ville-Noumea/POC Keycloak NCConnect/keycloak/build/resources/keycloak-11
	jboss.host.name = mi3074
	jboss.modules.dir = /media/presta/DVA_64/RedStone/Ville-Noumea/POC Keycloak NCConnect/keycloak/build/resources/keycloak-11/modules
	jboss.modules.system.pkgs = org.jboss.byteman
	jboss.node.name = master:load-balancer
	jboss.qualified.host.name = mi3074
	jboss.server.base.dir = /media/presta/DVA_64/RedStone/Ville-Noumea/POC Keycloak NCConnect/keycloak/build/resources/keycloak-11/domain/servers/load-balancer
	jboss.server.config.dir = /media/presta/DVA_64/RedStone/Ville-Noumea/POC Keycloak NCConnect/keycloak/build/resources/keycloak-11/domain/servers/load-balancer/configuration
	jboss.server.data.dir = /media/presta/DVA_64/RedStone/Ville-Noumea/POC Keycloak NCConnect/keycloak/build/resources/keycloak-11/domain/servers/load-balancer/data
	jboss.server.deploy.dir = /media/presta/DVA_64/RedStone/Ville-Noumea/POC Keycloak NCConnect/keycloak/build/resources/keycloak-11/domain/servers/load-balancer/data/content
	jboss.server.log.dir = /media/presta/DVA_64/RedStone/Ville-Noumea/POC Keycloak NCConnect/keycloak/build/resources/keycloak-11/domain/servers/load-balancer/log
	jboss.server.name = load-balancer
	jboss.server.persist.config = true
	jboss.server.temp.dir = /media/presta/DVA_64/RedStone/Ville-Noumea/POC Keycloak NCConnect/keycloak/build/resources/keycloak-11/domain/servers/load-balancer/tmp
	jdk.debug = release
	line.separator = 

	logging.configuration = file:/media/presta/DVA_64/RedStone/Ville-Noumea/POC%20Keycloak%20NCConnect/keycloak/build/resources/keycloak-11/domain/servers/load-balancer/data/logging.properties
	module.path = /media/presta/DVA_64/RedStone/Ville-Noumea/POC Keycloak NCConnect/keycloak/build/resources/keycloak-11/modules
	org.jboss.resolver.warning = true
	os.arch = amd64
	os.name = Linux
	os.version = 5.4.0-26-generic
	path.separator = :
	sun.arch.data.model = 64
	sun.boot.library.path = /usr/lib/jvm/java-11-openjdk-amd64/lib
	sun.cpu.endian = little
	sun.cpu.isalist = 
	sun.desktop = gnome
	sun.io.unicode.encoding = UnicodeLittle
	sun.java.command = /media/presta/DVA_64/RedStone/Ville-Noumea/POC Keycloak NCConnect/keycloak/build/resources/keycloak-11/jboss-modules.jar -mp /media/presta/DVA_64/RedStone/Ville-Noumea/POC Keycloak NCConnect/keycloak/build/resources/keycloak-11/modules org.jboss.as.server
	sun.java.launcher = SUN_STANDARD
	sun.jnu.encoding = UTF-8
	sun.management.compiler = HotSpot 64-Bit Tiered Compilers
	sun.os.patch.level = unknown
	user.country = FR
	user.dir = /media/presta/DVA_64/RedStone/Ville-Noumea/POC Keycloak NCConnect/keycloak/build/resources/keycloak-11
	user.home = /home/presta
	user.language = fr
	user.name = presta
	user.timezone = Pacific/Noumea
2020-11-25 07:42:01,203 DEBUG [org.jboss.as.config] (MSC service thread 1-2) VM Arguments: --add-exports=java.base/sun.nio.ch=ALL-UNNAMED --add-exports=jdk.unsupported/sun.reflect=ALL-UNNAMED --add-exports=jdk.unsupported/sun.misc=ALL-UNNAMED -D[Server:load-balancer] -D[pcid:547611814] -Xms64m -Xmx512m -XX:MetaspaceSize=96m -XX:MaxMetaspaceSize=256m -Djava.awt.headless=true -Djava.net.preferIPv4Stack=true -Djboss.home.dir=/media/presta/DVA_64/RedStone/Ville-Noumea/POC Keycloak NCConnect/keycloak/build/resources/keycloak-11 -Djboss.modules.system.pkgs=org.jboss.byteman -Djboss.server.log.dir=/media/presta/DVA_64/RedStone/Ville-Noumea/POC Keycloak NCConnect/keycloak/build/resources/keycloak-11/domain/servers/load-balancer/log -Djboss.server.temp.dir=/media/presta/DVA_64/RedStone/Ville-Noumea/POC Keycloak NCConnect/keycloak/build/resources/keycloak-11/domain/servers/load-balancer/tmp -Djboss.server.data.dir=/media/presta/DVA_64/RedStone/Ville-Noumea/POC Keycloak NCConnect/keycloak/build/resources/keycloak-11/domain/servers/load-balancer/data -Dlogging.configuration=file:/media/presta/DVA_64/RedStone/Ville-Noumea/POC%20Keycloak%20NCConnect/keycloak/build/resources/keycloak-11/domain/servers/load-balancer/data/logging.properties 
2020-11-25 07:42:01,396 INFO  [org.xnio] (MSC service thread 1-8) XNIO version 3.8.1.Final
2020-11-25 07:42:01,404 INFO  [org.xnio.nio] (MSC service thread 1-8) XNIO NIO Implementation Version 3.8.1.Final
2020-11-25 07:42:01,456 INFO  [org.jboss.remoting] (MSC service thread 1-2) JBoss Remoting version 5.0.18.Final
2020-11-25 07:42:01,842 INFO  [org.wildfly.security] (ServerService Thread Pool -- 2) ELY00001: WildFly Elytron version 1.12.1.Final
2020-11-25 07:42:03,950 INFO  [org.wildfly.extension.io] (ServerService Thread Pool -- 7) WFLYIO001: Worker 'default' has auto-configured to 8 IO threads with 64 max task threads based on your 4 available processors
2020-11-25 07:42:04,053 INFO  [org.wildfly.extension.undertow] (MSC service thread 1-3) WFLYUT0003: Undertow 2.1.3.Final starting
2020-11-25 07:42:04,065 WARN  [org.wildfly.clustering.web.undertow] (ServerService Thread Pool -- 25) WFLYCLWEBUT0007: No routing provider found for default-server; using legacy provider based on static configuration
2020-11-25 07:42:04,202 INFO  [io.undertow] (MSC service thread 1-8) UT005039: Undertow starts mod_cluster proxy advertisements on /224.0.1.105:23364 with frequency 10000 ms
2020-11-25 07:42:04,250 INFO  [org.wildfly.extension.undertow] (MSC service thread 1-6) WFLYUT0012: Started server default-server.
2020-11-25 07:42:04,272 INFO  [org.wildfly.extension.undertow] (MSC service thread 1-7) WFLYUT0018: Host default-host starting
2020-11-25 07:42:04,370 INFO  [org.wildfly.extension.undertow] (MSC service thread 1-8) WFLYUT0006: Undertow HTTP listener default listening on 127.0.0.1:8080
2020-11-25 07:42:04,370 INFO  [org.wildfly.extension.undertow] (MSC service thread 1-3) WFLYUT0006: Undertow HTTP listener management listening on 127.0.0.1:8090
2020-11-25 07:42:04,511 INFO  [org.jboss.as.patching] (MSC service thread 1-8) WFLYPAT0050: Keycloak cumulative patch ID is: base, one-off patches include: none
2020-11-25 07:42:04,550 WARN  [org.jboss.as.domain.management.security] (MSC service thread 1-4) WFLYDM0111: Keystore /media/presta/DVA_64/RedStone/Ville-Noumea/POC Keycloak NCConnect/keycloak/build/resources/keycloak-11/domain/configuration/application.keystore not found, it will be auto generated on first use with a self signed certificate for host localhost
2020-11-25 07:42:04,665 INFO  [org.jboss.as.server] (Controller Boot Thread) WFLYSRV0212: Resuming server
2020-11-25 07:42:04,673 INFO  [org.jboss.as] (Controller Boot Thread) WFLYSRV0025: Keycloak 11.0.3 (WildFly Core 12.0.3.Final) started in 4865ms - Started 75 of 90 services (41 services are lazy, passive or on-demand)
2020-11-25 07:42:25,500 INFO  [io.undertow] (default task-2) UT005053: Registering node master:server-one, connection: ajp://127.0.0.1:8159/?#
2020-11-25 07:42:25,657 INFO  [io.undertow] (default task-2) UT005045: Registering context /auth, for node master:server-one
2020-11-25 07:42:25,664 INFO  [io.undertow] (default task-2) UT005047: Unregistering context /auth, from node master:server-one
2020-11-25 07:42:25,676 INFO  [io.undertow] (default task-2) UT005044: Removing node master:server-one
2020-11-25 07:42:31,475 INFO  [org.jboss.as.server] (Thread-1) WFLYSRV0272: Suspending server
2020-11-25 07:42:31,478 INFO  [org.jboss.as.server] (Thread-1) WFLYSRV0220: Server shutdown has been requested via an OS signal
2020-11-25 07:42:31,484 INFO  [org.wildfly.extension.undertow] (MSC service thread 1-4) WFLYUT0008: Undertow HTTP listener default suspending
2020-11-25 07:42:31,484 INFO  [org.wildfly.extension.undertow] (MSC service thread 1-2) WFLYUT0008: Undertow HTTP listener management suspending
2020-11-25 07:42:31,490 INFO  [org.wildfly.extension.undertow] (MSC service thread 1-2) WFLYUT0007: Undertow HTTP listener management stopped, was bound to 127.0.0.1:8090
2020-11-25 07:42:31,491 INFO  [org.wildfly.extension.undertow] (MSC service thread 1-4) WFLYUT0007: Undertow HTTP listener default stopped, was bound to 127.0.0.1:8080
2020-11-25 07:42:31,500 INFO  [org.wildfly.extension.undertow] (MSC service thread 1-7) WFLYUT0019: Host default-host stopping
2020-11-25 07:42:34,216 INFO  [org.wildfly.extension.undertow] (MSC service thread 1-4) WFLYUT0004: Undertow 2.1.3.Final stopping
2020-11-25 07:42:34,241 INFO  [org.jboss.as] (MSC service thread 1-5) WFLYSRV0050: Keycloak 11.0.3 (WildFly Core 12.0.3.Final) stopped in 2752ms
2020-11-25 11:43:31,768 INFO  [org.jboss.as.server] (Controller Boot Thread) WFLYSRV0212: Resuming server
2020-11-25 11:43:32,024 INFO  [org.jboss.as] (Controller Boot Thread) WFLYSRV0025: Keycloak 11.0.3 (WildFly Core 12.0.3.Final) started in 5667ms - Started 75 of 90 services (41 services are lazy, passive or on-demand)
2020-11-25 11:53:02,020 INFO  [org.jboss.as.server] (Thread-1) WFLYSRV0272: Suspending server
2020-11-25 11:53:02,024 INFO  [org.jboss.as.server] (Thread-1) WFLYSRV0220: Server shutdown has been requested via an OS signal
2020-11-25 11:53:02,030 INFO  [org.wildfly.extension.undertow] (MSC service thread 1-6) WFLYUT0008: Undertow HTTP listener management suspending
2020-11-25 11:53:02,036 INFO  [org.wildfly.extension.undertow] (MSC service thread 1-4) WFLYUT0008: Undertow HTTP listener default suspending
2020-11-25 11:53:02,038 INFO  [org.wildfly.extension.undertow] (MSC service thread 1-4) WFLYUT0007: Undertow HTTP listener default stopped, was bound to 127.0.0.1:8080
2020-11-25 11:53:02,039 INFO  [org.wildfly.extension.undertow] (MSC service thread 1-6) WFLYUT0007: Undertow HTTP listener management stopped, was bound to 127.0.0.1:8090
2020-11-25 11:53:02,041 INFO  [org.wildfly.extension.undertow] (MSC service thread 1-2) WFLYUT0019: Host default-host stopping
2020-11-25 11:53:02,051 INFO  [org.wildfly.extension.undertow] (MSC service thread 1-3) WFLYUT0004: Undertow 2.1.3.Final stopping
2020-11-25 11:53:02,096 INFO  [org.jboss.as] (MSC service thread 1-7) WFLYSRV0050: Keycloak 11.0.3 (WildFly Core 12.0.3.Final) stopped in 47ms
2020-11-25 12:46:51,526 INFO  [org.jboss.modules] (main) JBoss Modules version 1.10.1.Final
2020-11-25 12:46:52,044 INFO  [org.jboss.msc] (main) JBoss MSC version 1.4.11.Final
2020-11-25 12:46:52,053 INFO  [org.jboss.threads] (main) JBoss Threads version 2.3.3.Final
2020-11-25 12:46:52,205 INFO  [org.jboss.as] (MSC service thread 1-2) WFLYSRV0049: Keycloak 11.0.3 (WildFly Core 12.0.3.Final) starting
2020-11-25 12:46:52,210 DEBUG [org.jboss.as.config] (MSC service thread 1-2) Configured system properties:
	[Server:load-balancer] = 
	[pcid:491799035] = 
	awt.toolkit = sun.awt.X11.XToolkit
	file.encoding = UTF-8
	file.separator = /
	java.awt.graphicsenv = sun.awt.X11GraphicsEnvironment
	java.awt.headless = true
	java.awt.printerjob = sun.print.PSPrinterJob
	java.class.path = /media/presta/DVA_64/Personnel/Projets/samples-projects/keycloak/build/resources/keycloak-11/jboss-modules.jar
	java.class.version = 55.0
	java.home = /usr/lib/jvm/java-11-openjdk-amd64
	java.io.tmpdir = /tmp
	java.library.path = /usr/java/packages/lib:/usr/lib/x86_64-linux-gnu/jni:/lib/x86_64-linux-gnu:/usr/lib/x86_64-linux-gnu:/usr/lib/jni:/lib:/usr/lib
	java.net.preferIPv4Stack = true
	java.runtime.name = OpenJDK Runtime Environment
	java.runtime.version = 11.0.9+11-Ubuntu-0ubuntu1.20.04
	java.specification.name = Java Platform API Specification
	java.specification.vendor = Oracle Corporation
	java.specification.version = 11
	java.util.logging.manager = org.jboss.logmanager.LogManager
	java.vendor = Ubuntu
	java.vendor.url = https://ubuntu.com/
	java.vendor.url.bug = https://bugs.launchpad.net/ubuntu/+source/openjdk-lts
	java.version = 11.0.9
	java.version.date = 2020-10-20
	java.vm.compressedOopsMode = 32-bit
	java.vm.info = mixed mode, sharing
	java.vm.name = OpenJDK 64-Bit Server VM
	java.vm.specification.name = Java Virtual Machine Specification
	java.vm.specification.vendor = Oracle Corporation
	java.vm.specification.version = 11
	java.vm.vendor = Ubuntu
	java.vm.version = 11.0.9+11-Ubuntu-0ubuntu1.20.04
	javax.management.builder.initial = org.jboss.as.jmx.PluggableMBeanServerBuilder
	jboss.domain.base.dir = /media/presta/DVA_64/Personnel/Projets/samples-projects/keycloak/build/resources/keycloak-11/domain
	jboss.domain.config.dir = /media/presta/DVA_64/Personnel/Projets/samples-projects/keycloak/build/resources/keycloak-11/domain/configuration
	jboss.home.dir = /media/presta/DVA_64/Personnel/Projets/samples-projects/keycloak/build/resources/keycloak-11
	jboss.host.name = mi3074
	jboss.modules.dir = /media/presta/DVA_64/Personnel/Projets/samples-projects/keycloak/build/resources/keycloak-11/modules
	jboss.modules.system.pkgs = org.jboss.byteman
	jboss.node.name = master:load-balancer
	jboss.qualified.host.name = mi3074
	jboss.server.base.dir = /media/presta/DVA_64/Personnel/Projets/samples-projects/keycloak/build/resources/keycloak-11/domain/servers/load-balancer
	jboss.server.config.dir = /media/presta/DVA_64/Personnel/Projets/samples-projects/keycloak/build/resources/keycloak-11/domain/servers/load-balancer/configuration
	jboss.server.data.dir = /media/presta/DVA_64/Personnel/Projets/samples-projects/keycloak/build/resources/keycloak-11/domain/servers/load-balancer/data
	jboss.server.deploy.dir = /media/presta/DVA_64/Personnel/Projets/samples-projects/keycloak/build/resources/keycloak-11/domain/servers/load-balancer/data/content
	jboss.server.log.dir = /media/presta/DVA_64/Personnel/Projets/samples-projects/keycloak/build/resources/keycloak-11/domain/servers/load-balancer/log
	jboss.server.name = load-balancer
	jboss.server.persist.config = true
	jboss.server.temp.dir = /media/presta/DVA_64/Personnel/Projets/samples-projects/keycloak/build/resources/keycloak-11/domain/servers/load-balancer/tmp
	jdk.debug = release
	line.separator = 

	logging.configuration = file:/media/presta/DVA_64/Personnel/Projets/samples-projects/keycloak/build/resources/keycloak-11/domain/servers/load-balancer/data/logging.properties
	module.path = /media/presta/DVA_64/Personnel/Projets/samples-projects/keycloak/build/resources/keycloak-11/modules
	org.jboss.resolver.warning = true
	os.arch = amd64
	os.name = Linux
	os.version = 5.4.0-26-generic
	path.separator = :
	sun.arch.data.model = 64
	sun.boot.library.path = /usr/lib/jvm/java-11-openjdk-amd64/lib
	sun.cpu.endian = little
	sun.cpu.isalist = 
	sun.desktop = gnome
	sun.io.unicode.encoding = UnicodeLittle
	sun.java.command = /media/presta/DVA_64/Personnel/Projets/samples-projects/keycloak/build/resources/keycloak-11/jboss-modules.jar -mp /media/presta/DVA_64/Personnel/Projets/samples-projects/keycloak/build/resources/keycloak-11/modules org.jboss.as.server
	sun.java.launcher = SUN_STANDARD
	sun.jnu.encoding = UTF-8
	sun.management.compiler = HotSpot 64-Bit Tiered Compilers
	sun.os.patch.level = unknown
	user.country = FR
	user.dir = /media/presta/DVA_64/Personnel/Projets/samples-projects/keycloak/build/resources/keycloak-11
	user.home = /home/presta
	user.language = fr
	user.name = presta
	user.timezone = Pacific/Noumea
2020-11-25 12:46:52,214 DEBUG [org.jboss.as.config] (MSC service thread 1-2) VM Arguments: --add-exports=java.base/sun.nio.ch=ALL-UNNAMED --add-exports=jdk.unsupported/sun.reflect=ALL-UNNAMED --add-exports=jdk.unsupported/sun.misc=ALL-UNNAMED -D[Server:load-balancer] -D[pcid:491799035] -Xms64m -Xmx512m -XX:MetaspaceSize=96m -XX:MaxMetaspaceSize=256m -Djava.awt.headless=true -Djava.net.preferIPv4Stack=true -Djboss.home.dir=/media/presta/DVA_64/Personnel/Projets/samples-projects/keycloak/build/resources/keycloak-11 -Djboss.modules.system.pkgs=org.jboss.byteman -Djboss.server.log.dir=/media/presta/DVA_64/Personnel/Projets/samples-projects/keycloak/build/resources/keycloak-11/domain/servers/load-balancer/log -Djboss.server.temp.dir=/media/presta/DVA_64/Personnel/Projets/samples-projects/keycloak/build/resources/keycloak-11/domain/servers/load-balancer/tmp -Djboss.server.data.dir=/media/presta/DVA_64/Personnel/Projets/samples-projects/keycloak/build/resources/keycloak-11/domain/servers/load-balancer/data -Dlogging.configuration=file:/media/presta/DVA_64/Personnel/Projets/samples-projects/keycloak/build/resources/keycloak-11/domain/servers/load-balancer/data/logging.properties 
2020-11-25 12:46:52,403 INFO  [org.xnio] (MSC service thread 1-4) XNIO version 3.8.1.Final
2020-11-25 12:46:52,415 INFO  [org.xnio.nio] (MSC service thread 1-4) XNIO NIO Implementation Version 3.8.1.Final
2020-11-25 12:46:52,450 INFO  [org.jboss.remoting] (MSC service thread 1-6) JBoss Remoting version 5.0.18.Final
2020-11-25 12:46:52,775 INFO  [org.wildfly.security] (ServerService Thread Pool -- 2) ELY00001: WildFly Elytron version 1.12.1.Final
2020-11-25 12:46:54,807 INFO  [org.wildfly.extension.io] (ServerService Thread Pool -- 5) WFLYIO001: Worker 'default' has auto-configured to 8 IO threads with 64 max task threads based on your 4 available processors
2020-11-25 12:46:54,812 INFO  [org.wildfly.extension.undertow] (MSC service thread 1-6) WFLYUT0003: Undertow 2.1.3.Final starting
2020-11-25 12:46:54,904 WARN  [org.wildfly.clustering.web.undertow] (ServerService Thread Pool -- 25) WFLYCLWEBUT0007: No routing provider found for default-server; using legacy provider based on static configuration
2020-11-25 12:46:55,057 INFO  [org.wildfly.extension.undertow] (MSC service thread 1-5) WFLYUT0012: Started server default-server.
2020-11-25 12:46:55,064 INFO  [io.undertow] (MSC service thread 1-4) UT005039: Undertow starts mod_cluster proxy advertisements on /224.0.1.105:23364 with frequency 10000 ms
2020-11-25 12:46:55,064 INFO  [org.wildfly.extension.undertow] (MSC service thread 1-1) WFLYUT0018: Host default-host starting
2020-11-25 12:46:55,105 INFO  [org.wildfly.extension.undertow] (MSC service thread 1-6) WFLYUT0006: Undertow HTTP listener default listening on 127.0.0.1:8080
2020-11-25 12:46:55,112 INFO  [org.wildfly.extension.undertow] (MSC service thread 1-3) WFLYUT0006: Undertow HTTP listener management listening on 127.0.0.1:8090
2020-11-25 12:46:55,241 INFO  [org.jboss.as.patching] (MSC service thread 1-6) WFLYPAT0050: Keycloak cumulative patch ID is: base, one-off patches include: none
2020-11-25 12:46:55,296 WARN  [org.jboss.as.domain.management.security] (MSC service thread 1-2) WFLYDM0111: Keystore /media/presta/DVA_64/Personnel/Projets/samples-projects/keycloak/build/resources/keycloak-11/domain/configuration/application.keystore not found, it will be auto generated on first use with a self signed certificate for host localhost
2020-11-25 12:46:55,417 INFO  [org.jboss.as.server] (Controller Boot Thread) WFLYSRV0212: Resuming server
2020-11-25 12:46:55,421 INFO  [org.jboss.as] (Controller Boot Thread) WFLYSRV0025: Keycloak 11.0.3 (WildFly Core 12.0.3.Final) started in 4601ms - Started 75 of 90 services (41 services are lazy, passive or on-demand)
2020-11-25 12:47:11,684 INFO  [io.undertow] (default task-1) UT005053: Registering node master:server-one, connection: ajp://127.0.0.1:8159/?#
2020-11-25 12:47:11,960 INFO  [io.undertow] (default task-1) UT005045: Registering context /auth, for node master:server-one
2020-11-25 12:47:11,972 INFO  [io.undertow] (default task-1) UT005047: Unregistering context /auth, from node master:server-one
2020-11-25 12:47:11,993 INFO  [io.undertow] (default task-1) UT005044: Removing node master:server-one
2020-11-25 12:47:15,766 INFO  [org.jboss.as.server] (Thread-1) WFLYSRV0272: Suspending server
2020-11-25 12:47:15,773 INFO  [org.jboss.as.server] (Thread-1) WFLYSRV0220: Server shutdown has been requested via an OS signal
2020-11-25 12:47:15,790 INFO  [org.wildfly.extension.undertow] (MSC service thread 1-2) WFLYUT0008: Undertow HTTP listener management suspending
2020-11-25 12:47:15,791 INFO  [org.wildfly.extension.undertow] (MSC service thread 1-4) WFLYUT0019: Host default-host stopping
2020-11-25 12:47:15,791 INFO  [org.wildfly.extension.undertow] (MSC service thread 1-6) WFLYUT0008: Undertow HTTP listener default suspending
2020-11-25 12:47:17,953 INFO  [org.wildfly.extension.undertow] (MSC service thread 1-6) WFLYUT0007: Undertow HTTP listener default stopped, was bound to 127.0.0.1:8080
2020-11-25 12:47:17,952 INFO  [org.wildfly.extension.undertow] (MSC service thread 1-2) WFLYUT0007: Undertow HTTP listener management stopped, was bound to 127.0.0.1:8090
2020-11-25 12:47:17,961 INFO  [org.wildfly.extension.undertow] (MSC service thread 1-3) WFLYUT0004: Undertow 2.1.3.Final stopping
2020-11-25 12:47:18,000 INFO  [org.jboss.as] (MSC service thread 1-6) WFLYSRV0050: Keycloak 11.0.3 (WildFly Core 12.0.3.Final) stopped in 2220ms
2020-11-25 12:48:05,508 INFO  [org.jboss.modules] (main) JBoss Modules version 1.10.1.Final
2020-11-25 12:48:05,943 INFO  [org.jboss.msc] (main) JBoss MSC version 1.4.11.Final
2020-11-25 12:48:05,951 INFO  [org.jboss.threads] (main) JBoss Threads version 2.3.3.Final
2020-11-25 12:48:06,107 INFO  [org.jboss.as] (MSC service thread 1-2) WFLYSRV0049: Keycloak 11.0.3 (WildFly Core 12.0.3.Final) starting
2020-11-25 12:48:06,110 DEBUG [org.jboss.as.config] (MSC service thread 1-2) Configured system properties:
	[Server:load-balancer] = 
	[pcid:1098178198] = 
	awt.toolkit = sun.awt.X11.XToolkit
	file.encoding = UTF-8
	file.separator = /
	java.awt.graphicsenv = sun.awt.X11GraphicsEnvironment
	java.awt.headless = true
	java.awt.printerjob = sun.print.PSPrinterJob
	java.class.path = /media/presta/DVA_64/Personnel/Projets/samples-projects/keycloak/build/resources/keycloak-11/jboss-modules.jar
	java.class.version = 55.0
	java.home = /usr/lib/jvm/java-11-openjdk-amd64
	java.io.tmpdir = /tmp
	java.library.path = /usr/java/packages/lib:/usr/lib/x86_64-linux-gnu/jni:/lib/x86_64-linux-gnu:/usr/lib/x86_64-linux-gnu:/usr/lib/jni:/lib:/usr/lib
	java.net.preferIPv4Stack = true
	java.runtime.name = OpenJDK Runtime Environment
	java.runtime.version = 11.0.9+11-Ubuntu-0ubuntu1.20.04
	java.specification.name = Java Platform API Specification
	java.specification.vendor = Oracle Corporation
	java.specification.version = 11
	java.util.logging.manager = org.jboss.logmanager.LogManager
	java.vendor = Ubuntu
	java.vendor.url = https://ubuntu.com/
	java.vendor.url.bug = https://bugs.launchpad.net/ubuntu/+source/openjdk-lts
	java.version = 11.0.9
	java.version.date = 2020-10-20
	java.vm.compressedOopsMode = 32-bit
	java.vm.info = mixed mode, sharing
	java.vm.name = OpenJDK 64-Bit Server VM
	java.vm.specification.name = Java Virtual Machine Specification
	java.vm.specification.vendor = Oracle Corporation
	java.vm.specification.version = 11
	java.vm.vendor = Ubuntu
	java.vm.version = 11.0.9+11-Ubuntu-0ubuntu1.20.04
	javax.management.builder.initial = org.jboss.as.jmx.PluggableMBeanServerBuilder
	jboss.domain.base.dir = /media/presta/DVA_64/Personnel/Projets/samples-projects/keycloak/build/resources/keycloak-11/domain
	jboss.domain.config.dir = /media/presta/DVA_64/Personnel/Projets/samples-projects/keycloak/build/resources/keycloak-11/domain/configuration
	jboss.home.dir = /media/presta/DVA_64/Personnel/Projets/samples-projects/keycloak/build/resources/keycloak-11
	jboss.host.name = mi3074
	jboss.modules.dir = /media/presta/DVA_64/Personnel/Projets/samples-projects/keycloak/build/resources/keycloak-11/modules
	jboss.modules.system.pkgs = org.jboss.byteman
	jboss.node.name = master:load-balancer
	jboss.qualified.host.name = mi3074
	jboss.server.base.dir = /media/presta/DVA_64/Personnel/Projets/samples-projects/keycloak/build/resources/keycloak-11/domain/servers/load-balancer
	jboss.server.config.dir = /media/presta/DVA_64/Personnel/Projets/samples-projects/keycloak/build/resources/keycloak-11/domain/servers/load-balancer/configuration
	jboss.server.data.dir = /media/presta/DVA_64/Personnel/Projets/samples-projects/keycloak/build/resources/keycloak-11/domain/servers/load-balancer/data
	jboss.server.deploy.dir = /media/presta/DVA_64/Personnel/Projets/samples-projects/keycloak/build/resources/keycloak-11/domain/servers/load-balancer/data/content
	jboss.server.log.dir = /media/presta/DVA_64/Personnel/Projets/samples-projects/keycloak/build/resources/keycloak-11/domain/servers/load-balancer/log
	jboss.server.name = load-balancer
	jboss.server.persist.config = true
	jboss.server.temp.dir = /media/presta/DVA_64/Personnel/Projets/samples-projects/keycloak/build/resources/keycloak-11/domain/servers/load-balancer/tmp
	jdk.debug = release
	line.separator = 

	logging.configuration = file:/media/presta/DVA_64/Personnel/Projets/samples-projects/keycloak/build/resources/keycloak-11/domain/servers/load-balancer/data/logging.properties
	module.path = /media/presta/DVA_64/Personnel/Projets/samples-projects/keycloak/build/resources/keycloak-11/modules
	org.jboss.resolver.warning = true
	os.arch = amd64
	os.name = Linux
	os.version = 5.4.0-26-generic
	path.separator = :
	sun.arch.data.model = 64
	sun.boot.library.path = /usr/lib/jvm/java-11-openjdk-amd64/lib
	sun.cpu.endian = little
	sun.cpu.isalist = 
	sun.desktop = gnome
	sun.io.unicode.encoding = UnicodeLittle
	sun.java.command = /media/presta/DVA_64/Personnel/Projets/samples-projects/keycloak/build/resources/keycloak-11/jboss-modules.jar -mp /media/presta/DVA_64/Personnel/Projets/samples-projects/keycloak/build/resources/keycloak-11/modules org.jboss.as.server
	sun.java.launcher = SUN_STANDARD
	sun.jnu.encoding = UTF-8
	sun.management.compiler = HotSpot 64-Bit Tiered Compilers
	sun.os.patch.level = unknown
	user.country = FR
	user.dir = /media/presta/DVA_64/Personnel/Projets/samples-projects/keycloak/build/resources/keycloak-11
	user.home = /home/presta
	user.language = fr
	user.name = presta
	user.timezone = Pacific/Noumea
2020-11-25 12:48:06,118 DEBUG [org.jboss.as.config] (MSC service thread 1-2) VM Arguments: --add-exports=java.base/sun.nio.ch=ALL-UNNAMED --add-exports=jdk.unsupported/sun.reflect=ALL-UNNAMED --add-exports=jdk.unsupported/sun.misc=ALL-UNNAMED -D[Server:load-balancer] -D[pcid:1098178198] -Xms64m -Xmx512m -XX:MetaspaceSize=96m -XX:MaxMetaspaceSize=256m -Djava.awt.headless=true -Djava.net.preferIPv4Stack=true -Djboss.home.dir=/media/presta/DVA_64/Personnel/Projets/samples-projects/keycloak/build/resources/keycloak-11 -Djboss.modules.system.pkgs=org.jboss.byteman -Djboss.server.log.dir=/media/presta/DVA_64/Personnel/Projets/samples-projects/keycloak/build/resources/keycloak-11/domain/servers/load-balancer/log -Djboss.server.temp.dir=/media/presta/DVA_64/Personnel/Projets/samples-projects/keycloak/build/resources/keycloak-11/domain/servers/load-balancer/tmp -Djboss.server.data.dir=/media/presta/DVA_64/Personnel/Projets/samples-projects/keycloak/build/resources/keycloak-11/domain/servers/load-balancer/data -Dlogging.configuration=file:/media/presta/DVA_64/Personnel/Projets/samples-projects/keycloak/build/resources/keycloak-11/domain/servers/load-balancer/data/logging.properties 
2020-11-25 12:48:06,288 INFO  [org.xnio] (MSC service thread 1-7) XNIO version 3.8.1.Final
2020-11-25 12:48:06,325 INFO  [org.xnio.nio] (MSC service thread 1-7) XNIO NIO Implementation Version 3.8.1.Final
2020-11-25 12:48:06,363 INFO  [org.jboss.remoting] (MSC service thread 1-3) JBoss Remoting version 5.0.18.Final
2020-11-25 12:48:06,708 INFO  [org.wildfly.security] (ServerService Thread Pool -- 2) ELY00001: WildFly Elytron version 1.12.1.Final
2020-11-25 12:48:08,718 INFO  [org.wildfly.extension.io] (ServerService Thread Pool -- 7) WFLYIO001: Worker 'default' has auto-configured to 8 IO threads with 64 max task threads based on your 4 available processors
2020-11-25 12:48:08,760 INFO  [org.wildfly.extension.undertow] (MSC service thread 1-7) WFLYUT0003: Undertow 2.1.3.Final starting
2020-11-25 12:48:08,889 WARN  [org.wildfly.clustering.web.undertow] (ServerService Thread Pool -- 21) WFLYCLWEBUT0007: No routing provider found for default-server; using legacy provider based on static configuration
2020-11-25 12:48:08,981 INFO  [io.undertow] (MSC service thread 1-7) UT005039: Undertow starts mod_cluster proxy advertisements on /224.0.1.105:23364 with frequency 10000 ms
2020-11-25 12:48:08,996 INFO  [org.wildfly.extension.undertow] (MSC service thread 1-7) WFLYUT0012: Started server default-server.
2020-11-25 12:48:09,015 INFO  [org.wildfly.extension.undertow] (MSC service thread 1-3) WFLYUT0018: Host default-host starting
2020-11-25 12:48:09,101 INFO  [org.wildfly.extension.undertow] (MSC service thread 1-1) WFLYUT0006: Undertow HTTP listener default listening on 127.0.0.1:8080
2020-11-25 12:48:09,108 INFO  [org.wildfly.extension.undertow] (MSC service thread 1-5) WFLYUT0006: Undertow HTTP listener management listening on 127.0.0.1:8090
2020-11-25 12:48:09,214 INFO  [org.jboss.as.patching] (MSC service thread 1-2) WFLYPAT0050: Keycloak cumulative patch ID is: base, one-off patches include: none
2020-11-25 12:48:09,256 WARN  [org.jboss.as.domain.management.security] (MSC service thread 1-5) WFLYDM0111: Keystore /media/presta/DVA_64/Personnel/Projets/samples-projects/keycloak/build/resources/keycloak-11/domain/configuration/application.keystore not found, it will be auto generated on first use with a self signed certificate for host localhost
2020-11-25 12:48:09,389 INFO  [org.jboss.as.server] (Controller Boot Thread) WFLYSRV0212: Resuming server
2020-11-25 12:48:09,405 INFO  [org.jboss.as] (Controller Boot Thread) WFLYSRV0025: Keycloak 11.0.3 (WildFly Core 12.0.3.Final) started in 4579ms - Started 75 of 90 services (41 services are lazy, passive or on-demand)
2020-11-25 12:48:24,031 INFO  [io.undertow] (default task-1) UT005053: Registering node master:server-one, connection: ajp://127.0.0.1:8159/?#
2020-11-25 12:48:24,045 INFO  [io.undertow] (default task-2) UT005045: Registering context /, for node master:server-one
2020-11-25 12:48:24,053 INFO  [io.undertow] (default task-2) UT005045: Registering context /wildfly-services, for node master:server-one
2020-11-25 12:48:34,122 INFO  [io.undertow] (default task-1) UT005045: Registering context /auth, for node master:server-one
2020-11-25 12:49:49,433 INFO  [io.undertow] (default task-1) UT005053: Registering node mi3074:server-two, connection: ajp://127.0.0.1:8259/?#
2020-11-25 12:49:50,362 INFO  [io.undertow] (default task-1) UT005045: Registering context /, for node mi3074:server-two
2020-11-25 12:49:50,367 INFO  [io.undertow] (default task-1) UT005045: Registering context /wildfly-services, for node mi3074:server-two
2020-11-25 12:50:00,387 INFO  [io.undertow] (default task-1) UT005045: Registering context /auth, for node mi3074:server-two
2020-11-25 13:55:30,530 INFO  [io.undertow] (default task-1) UT005047: Unregistering context /, from node mi3074:server-two
2020-11-25 13:55:30,802 INFO  [io.undertow] (default task-1) UT005047: Unregistering context /wildfly-services, from node mi3074:server-two
2020-11-25 13:55:30,818 INFO  [io.undertow] (default task-1) UT005047: Unregistering context /auth, from node mi3074:server-two
2020-11-25 13:55:30,833 INFO  [io.undertow] (default task-1) UT005044: Removing node mi3074:server-two
2020-11-25 13:55:33,356 INFO  [org.jboss.as.server] (Thread-1) WFLYSRV0272: Suspending server
2020-11-25 13:55:33,359 INFO  [org.jboss.as.server] (Thread-1) WFLYSRV0220: Server shutdown has been requested via an OS signal
2020-11-25 13:55:33,369 INFO  [org.wildfly.extension.undertow] (MSC service thread 1-7) WFLYUT0008: Undertow HTTP listener management suspending
2020-11-25 13:55:33,377 INFO  [org.wildfly.extension.undertow] (MSC service thread 1-3) WFLYUT0008: Undertow HTTP listener default suspending
2020-11-25 13:55:33,380 INFO  [org.wildfly.extension.undertow] (MSC service thread 1-7) WFLYUT0007: Undertow HTTP listener management stopped, was bound to 127.0.0.1:8090
2020-11-25 13:55:33,385 INFO  [org.wildfly.extension.undertow] (MSC service thread 1-5) WFLYUT0019: Host default-host stopping
2020-11-25 13:55:33,381 INFO  [org.wildfly.extension.undertow] (MSC service thread 1-3) WFLYUT0007: Undertow HTTP listener default stopped, was bound to 127.0.0.1:8080
2020-11-25 13:55:37,304 INFO  [org.wildfly.extension.undertow] (MSC service thread 1-5) WFLYUT0004: Undertow 2.1.3.Final stopping
2020-11-25 13:55:37,328 INFO  [org.jboss.as] (MSC service thread 1-1) WFLYSRV0050: Keycloak 11.0.3 (WildFly Core 12.0.3.Final) stopped in 3953ms
2020-11-25 13:55:46,313 INFO  [org.jboss.modules] (main) JBoss Modules version 1.10.1.Final
2020-11-25 13:55:46,747 INFO  [org.jboss.msc] (main) JBoss MSC version 1.4.11.Final
2020-11-25 13:55:46,776 INFO  [org.jboss.threads] (main) JBoss Threads version 2.3.3.Final
2020-11-25 13:55:46,923 INFO  [org.jboss.as] (MSC service thread 1-2) WFLYSRV0049: Keycloak 11.0.3 (WildFly Core 12.0.3.Final) starting
2020-11-25 13:55:46,928 DEBUG [org.jboss.as.config] (MSC service thread 1-2) Configured system properties:
	[Server:load-balancer] = 
	[pcid:1400195542] = 
	awt.toolkit = sun.awt.X11.XToolkit
	file.encoding = UTF-8
	file.separator = /
	java.awt.graphicsenv = sun.awt.X11GraphicsEnvironment
	java.awt.headless = true
	java.awt.printerjob = sun.print.PSPrinterJob
	java.class.path = /media/presta/DVA_64/Personnel/Projets/samples-projects/keycloak/build/resources/keycloak-11/jboss-modules.jar
	java.class.version = 55.0
	java.home = /usr/lib/jvm/java-11-openjdk-amd64
	java.io.tmpdir = /tmp
	java.library.path = /usr/java/packages/lib:/usr/lib/x86_64-linux-gnu/jni:/lib/x86_64-linux-gnu:/usr/lib/x86_64-linux-gnu:/usr/lib/jni:/lib:/usr/lib
	java.net.preferIPv4Stack = true
	java.runtime.name = OpenJDK Runtime Environment
	java.runtime.version = 11.0.9+11-Ubuntu-0ubuntu1.20.04
	java.specification.name = Java Platform API Specification
	java.specification.vendor = Oracle Corporation
	java.specification.version = 11
	java.util.logging.manager = org.jboss.logmanager.LogManager
	java.vendor = Ubuntu
	java.vendor.url = https://ubuntu.com/
	java.vendor.url.bug = https://bugs.launchpad.net/ubuntu/+source/openjdk-lts
	java.version = 11.0.9
	java.version.date = 2020-10-20
	java.vm.compressedOopsMode = 32-bit
	java.vm.info = mixed mode, sharing
	java.vm.name = OpenJDK 64-Bit Server VM
	java.vm.specification.name = Java Virtual Machine Specification
	java.vm.specification.vendor = Oracle Corporation
	java.vm.specification.version = 11
	java.vm.vendor = Ubuntu
	java.vm.version = 11.0.9+11-Ubuntu-0ubuntu1.20.04
	javax.management.builder.initial = org.jboss.as.jmx.PluggableMBeanServerBuilder
	jboss.domain.base.dir = /media/presta/DVA_64/Personnel/Projets/samples-projects/keycloak/build/resources/keycloak-11/domain
	jboss.domain.config.dir = /media/presta/DVA_64/Personnel/Projets/samples-projects/keycloak/build/resources/keycloak-11/domain/configuration
	jboss.home.dir = /media/presta/DVA_64/Personnel/Projets/samples-projects/keycloak/build/resources/keycloak-11
	jboss.host.name = mi3074
	jboss.modules.dir = /media/presta/DVA_64/Personnel/Projets/samples-projects/keycloak/build/resources/keycloak-11/modules
	jboss.modules.system.pkgs = org.jboss.byteman
	jboss.node.name = master:load-balancer
	jboss.qualified.host.name = mi3074
	jboss.server.base.dir = /media/presta/DVA_64/Personnel/Projets/samples-projects/keycloak/build/resources/keycloak-11/domain/servers/load-balancer
	jboss.server.config.dir = /media/presta/DVA_64/Personnel/Projets/samples-projects/keycloak/build/resources/keycloak-11/domain/servers/load-balancer/configuration
	jboss.server.data.dir = /media/presta/DVA_64/Personnel/Projets/samples-projects/keycloak/build/resources/keycloak-11/domain/servers/load-balancer/data
	jboss.server.deploy.dir = /media/presta/DVA_64/Personnel/Projets/samples-projects/keycloak/build/resources/keycloak-11/domain/servers/load-balancer/data/content
	jboss.server.log.dir = /media/presta/DVA_64/Personnel/Projets/samples-projects/keycloak/build/resources/keycloak-11/domain/servers/load-balancer/log
	jboss.server.name = load-balancer
	jboss.server.persist.config = true
	jboss.server.temp.dir = /media/presta/DVA_64/Personnel/Projets/samples-projects/keycloak/build/resources/keycloak-11/domain/servers/load-balancer/tmp
	jdk.debug = release
	line.separator = 

	logging.configuration = file:/media/presta/DVA_64/Personnel/Projets/samples-projects/keycloak/build/resources/keycloak-11/domain/servers/load-balancer/data/logging.properties
	module.path = /media/presta/DVA_64/Personnel/Projets/samples-projects/keycloak/build/resources/keycloak-11/modules
	org.jboss.resolver.warning = true
	os.arch = amd64
	os.name = Linux
	os.version = 5.4.0-26-generic
	path.separator = :
	sun.arch.data.model = 64
	sun.boot.library.path = /usr/lib/jvm/java-11-openjdk-amd64/lib
	sun.cpu.endian = little
	sun.cpu.isalist = 
	sun.desktop = gnome
	sun.io.unicode.encoding = UnicodeLittle
	sun.java.command = /media/presta/DVA_64/Personnel/Projets/samples-projects/keycloak/build/resources/keycloak-11/jboss-modules.jar -mp /media/presta/DVA_64/Personnel/Projets/samples-projects/keycloak/build/resources/keycloak-11/modules org.jboss.as.server
	sun.java.launcher = SUN_STANDARD
	sun.jnu.encoding = UTF-8
	sun.management.compiler = HotSpot 64-Bit Tiered Compilers
	sun.os.patch.level = unknown
	user.country = FR
	user.dir = /media/presta/DVA_64/Personnel/Projets/samples-projects/keycloak/build/resources/keycloak-11
	user.home = /home/presta
	user.language = fr
	user.name = presta
	user.timezone = Pacific/Noumea
2020-11-25 13:55:46,934 DEBUG [org.jboss.as.config] (MSC service thread 1-2) VM Arguments: --add-exports=java.base/sun.nio.ch=ALL-UNNAMED --add-exports=jdk.unsupported/sun.reflect=ALL-UNNAMED --add-exports=jdk.unsupported/sun.misc=ALL-UNNAMED -D[Server:load-balancer] -D[pcid:1400195542] -Xms64m -Xmx512m -XX:MetaspaceSize=96m -XX:MaxMetaspaceSize=256m -Djava.awt.headless=true -Djava.net.preferIPv4Stack=true -Djboss.home.dir=/media/presta/DVA_64/Personnel/Projets/samples-projects/keycloak/build/resources/keycloak-11 -Djboss.modules.system.pkgs=org.jboss.byteman -Djboss.server.log.dir=/media/presta/DVA_64/Personnel/Projets/samples-projects/keycloak/build/resources/keycloak-11/domain/servers/load-balancer/log -Djboss.server.temp.dir=/media/presta/DVA_64/Personnel/Projets/samples-projects/keycloak/build/resources/keycloak-11/domain/servers/load-balancer/tmp -Djboss.server.data.dir=/media/presta/DVA_64/Personnel/Projets/samples-projects/keycloak/build/resources/keycloak-11/domain/servers/load-balancer/data -Dlogging.configuration=file:/media/presta/DVA_64/Personnel/Projets/samples-projects/keycloak/build/resources/keycloak-11/domain/servers/load-balancer/data/logging.properties 
2020-11-25 13:55:47,090 INFO  [org.xnio] (MSC service thread 1-8) XNIO version 3.8.1.Final
2020-11-25 13:55:47,107 INFO  [org.xnio.nio] (MSC service thread 1-8) XNIO NIO Implementation Version 3.8.1.Final
2020-11-25 13:55:47,163 INFO  [org.jboss.remoting] (MSC service thread 1-5) JBoss Remoting version 5.0.18.Final
2020-11-25 13:55:47,561 INFO  [org.wildfly.security] (ServerService Thread Pool -- 2) ELY00001: WildFly Elytron version 1.12.1.Final
2020-11-25 13:55:49,708 INFO  [org.wildfly.extension.io] (ServerService Thread Pool -- 5) WFLYIO001: Worker 'default' has auto-configured to 8 IO threads with 64 max task threads based on your 4 available processors
2020-11-25 13:55:49,768 INFO  [org.wildfly.extension.undertow] (MSC service thread 1-1) WFLYUT0003: Undertow 2.1.3.Final starting
2020-11-25 13:55:49,856 WARN  [org.wildfly.clustering.web.undertow] (ServerService Thread Pool -- 25) WFLYCLWEBUT0007: No routing provider found for default-server; using legacy provider based on static configuration
2020-11-25 13:55:49,999 INFO  [org.wildfly.extension.undertow] (MSC service thread 1-3) WFLYUT0012: Started server default-server.
2020-11-25 13:55:50,010 INFO  [io.undertow] (MSC service thread 1-5) UT005039: Undertow starts mod_cluster proxy advertisements on /224.0.1.105:23364 with frequency 10000 ms
2020-11-25 13:55:50,017 INFO  [org.wildfly.extension.undertow] (MSC service thread 1-6) WFLYUT0018: Host default-host starting
2020-11-25 13:55:50,105 INFO  [org.wildfly.extension.undertow] (MSC service thread 1-7) WFLYUT0006: Undertow HTTP listener management listening on 127.0.0.1:8090
2020-11-25 13:55:50,112 INFO  [org.wildfly.extension.undertow] (MSC service thread 1-3) WFLYUT0006: Undertow HTTP listener default listening on 127.0.0.1:8080
2020-11-25 13:55:50,217 INFO  [org.jboss.as.patching] (MSC service thread 1-1) WFLYPAT0050: Keycloak cumulative patch ID is: base, one-off patches include: none
2020-11-25 13:55:50,283 WARN  [org.jboss.as.domain.management.security] (MSC service thread 1-4) WFLYDM0111: Keystore /media/presta/DVA_64/Personnel/Projets/samples-projects/keycloak/build/resources/keycloak-11/domain/configuration/application.keystore not found, it will be auto generated on first use with a self signed certificate for host localhost
2020-11-25 13:55:50,423 INFO  [org.jboss.as.server] (Controller Boot Thread) WFLYSRV0212: Resuming server
2020-11-25 13:55:50,427 INFO  [org.jboss.as] (Controller Boot Thread) WFLYSRV0025: Keycloak 11.0.3 (WildFly Core 12.0.3.Final) started in 4827ms - Started 75 of 90 services (41 services are lazy, passive or on-demand)
2020-11-25 13:56:04,747 INFO  [io.undertow] (default task-1) UT005053: Registering node master:server-one, connection: ajp://127.0.0.1:8159/?#
2020-11-25 13:56:04,760 INFO  [io.undertow] (default task-1) UT005045: Registering context /, for node master:server-one
2020-11-25 13:56:04,764 INFO  [io.undertow] (default task-1) UT005045: Registering context /wildfly-services, for node master:server-one
2020-11-25 13:56:14,799 INFO  [io.undertow] (default task-1) UT005045: Registering context /auth, for node master:server-one
2020-11-25 13:56:40,399 INFO  [io.undertow] (default task-1) UT005053: Registering node mi3074:server-two, connection: ajp://127.0.0.1:8259/?#
2020-11-25 13:56:40,412 INFO  [io.undertow] (default task-1) UT005045: Registering context /, for node mi3074:server-two
2020-11-25 13:56:40,422 INFO  [io.undertow] (default task-1) UT005045: Registering context /wildfly-services, for node mi3074:server-two
2020-11-25 13:56:50,438 INFO  [io.undertow] (default task-1) UT005045: Registering context /auth, for node mi3074:server-two
2020-11-25 13:59:24,210 INFO  [io.undertow] (default task-1) UT005047: Unregistering context /auth, from node mi3074:server-two
2020-11-25 13:59:27,344 INFO  [io.undertow] (default task-1) UT005047: Unregistering context /wildfly-services, from node mi3074:server-two
2020-11-25 13:59:27,360 INFO  [io.undertow] (default task-2) UT005047: Unregistering context /, from node mi3074:server-two
2020-11-25 13:59:27,366 INFO  [io.undertow] (default task-1) UT005044: Removing node mi3074:server-two
2020-11-25 13:59:31,012 INFO  [org.jboss.as.server] (Thread-1) WFLYSRV0272: Suspending server
2020-11-25 13:59:31,022 INFO  [org.jboss.as.server] (Thread-1) WFLYSRV0220: Server shutdown has been requested via an OS signal
2020-11-25 13:59:31,036 INFO  [org.wildfly.extension.undertow] (MSC service thread 1-8) WFLYUT0008: Undertow HTTP listener default suspending
2020-11-25 13:59:31,037 INFO  [org.wildfly.extension.undertow] (MSC service thread 1-2) WFLYUT0008: Undertow HTTP listener management suspending
2020-11-25 13:59:31,044 INFO  [org.wildfly.extension.undertow] (MSC service thread 1-7) WFLYUT0019: Host default-host stopping
2020-11-25 13:59:31,045 INFO  [org.wildfly.extension.undertow] (MSC service thread 1-8) WFLYUT0007: Undertow HTTP listener default stopped, was bound to 127.0.0.1:8080
2020-11-25 13:59:31,046 INFO  [org.wildfly.extension.undertow] (MSC service thread 1-2) WFLYUT0007: Undertow HTTP listener management stopped, was bound to 127.0.0.1:8090
2020-11-25 13:59:31,112 INFO  [org.wildfly.extension.undertow] (MSC service thread 1-6) WFLYUT0004: Undertow 2.1.3.Final stopping
2020-11-25 13:59:31,155 INFO  [org.jboss.as] (MSC service thread 1-7) WFLYSRV0050: Keycloak 11.0.3 (WildFly Core 12.0.3.Final) stopped in 117ms
2020-11-25 13:59:39,600 INFO  [org.jboss.modules] (main) JBoss Modules version 1.10.1.Final
2020-11-25 13:59:40,051 INFO  [org.jboss.msc] (main) JBoss MSC version 1.4.11.Final
2020-11-25 13:59:40,062 INFO  [org.jboss.threads] (main) JBoss Threads version 2.3.3.Final
2020-11-25 13:59:40,224 INFO  [org.jboss.as] (MSC service thread 1-2) WFLYSRV0049: Keycloak 11.0.3 (WildFly Core 12.0.3.Final) starting
2020-11-25 13:59:40,227 DEBUG [org.jboss.as.config] (MSC service thread 1-2) Configured system properties:
	[Server:load-balancer] = 
	[pcid:523833586] = 
	awt.toolkit = sun.awt.X11.XToolkit
	file.encoding = UTF-8
	file.separator = /
	java.awt.graphicsenv = sun.awt.X11GraphicsEnvironment
	java.awt.headless = true
	java.awt.printerjob = sun.print.PSPrinterJob
	java.class.path = /media/presta/DVA_64/Personnel/Projets/samples-projects/keycloak/build/resources/keycloak-11/jboss-modules.jar
	java.class.version = 55.0
	java.home = /usr/lib/jvm/java-11-openjdk-amd64
	java.io.tmpdir = /tmp
	java.library.path = /usr/java/packages/lib:/usr/lib/x86_64-linux-gnu/jni:/lib/x86_64-linux-gnu:/usr/lib/x86_64-linux-gnu:/usr/lib/jni:/lib:/usr/lib
	java.net.preferIPv4Stack = true
	java.runtime.name = OpenJDK Runtime Environment
	java.runtime.version = 11.0.9+11-Ubuntu-0ubuntu1.20.04
	java.specification.name = Java Platform API Specification
	java.specification.vendor = Oracle Corporation
	java.specification.version = 11
	java.util.logging.manager = org.jboss.logmanager.LogManager
	java.vendor = Ubuntu
	java.vendor.url = https://ubuntu.com/
	java.vendor.url.bug = https://bugs.launchpad.net/ubuntu/+source/openjdk-lts
	java.version = 11.0.9
	java.version.date = 2020-10-20
	java.vm.compressedOopsMode = 32-bit
	java.vm.info = mixed mode, sharing
	java.vm.name = OpenJDK 64-Bit Server VM
	java.vm.specification.name = Java Virtual Machine Specification
	java.vm.specification.vendor = Oracle Corporation
	java.vm.specification.version = 11
	java.vm.vendor = Ubuntu
	java.vm.version = 11.0.9+11-Ubuntu-0ubuntu1.20.04
	javax.management.builder.initial = org.jboss.as.jmx.PluggableMBeanServerBuilder
	jboss.domain.base.dir = /media/presta/DVA_64/Personnel/Projets/samples-projects/keycloak/build/resources/keycloak-11/domain
	jboss.domain.config.dir = /media/presta/DVA_64/Personnel/Projets/samples-projects/keycloak/build/resources/keycloak-11/domain/configuration
	jboss.home.dir = /media/presta/DVA_64/Personnel/Projets/samples-projects/keycloak/build/resources/keycloak-11
	jboss.host.name = mi3074
	jboss.modules.dir = /media/presta/DVA_64/Personnel/Projets/samples-projects/keycloak/build/resources/keycloak-11/modules
	jboss.modules.system.pkgs = org.jboss.byteman
	jboss.node.name = master:load-balancer
	jboss.qualified.host.name = mi3074
	jboss.server.base.dir = /media/presta/DVA_64/Personnel/Projets/samples-projects/keycloak/build/resources/keycloak-11/domain/servers/load-balancer
	jboss.server.config.dir = /media/presta/DVA_64/Personnel/Projets/samples-projects/keycloak/build/resources/keycloak-11/domain/servers/load-balancer/configuration
	jboss.server.data.dir = /media/presta/DVA_64/Personnel/Projets/samples-projects/keycloak/build/resources/keycloak-11/domain/servers/load-balancer/data
	jboss.server.deploy.dir = /media/presta/DVA_64/Personnel/Projets/samples-projects/keycloak/build/resources/keycloak-11/domain/servers/load-balancer/data/content
	jboss.server.log.dir = /media/presta/DVA_64/Personnel/Projets/samples-projects/keycloak/build/resources/keycloak-11/domain/servers/load-balancer/log
	jboss.server.name = load-balancer
	jboss.server.persist.config = true
	jboss.server.temp.dir = /media/presta/DVA_64/Personnel/Projets/samples-projects/keycloak/build/resources/keycloak-11/domain/servers/load-balancer/tmp
	jdk.debug = release
	line.separator = 

	logging.configuration = file:/media/presta/DVA_64/Personnel/Projets/samples-projects/keycloak/build/resources/keycloak-11/domain/servers/load-balancer/data/logging.properties
	module.path = /media/presta/DVA_64/Personnel/Projets/samples-projects/keycloak/build/resources/keycloak-11/modules
	org.jboss.resolver.warning = true
	os.arch = amd64
	os.name = Linux
	os.version = 5.4.0-26-generic
	path.separator = :
	sun.arch.data.model = 64
	sun.boot.library.path = /usr/lib/jvm/java-11-openjdk-amd64/lib
	sun.cpu.endian = little
	sun.cpu.isalist = 
	sun.desktop = gnome
	sun.io.unicode.encoding = UnicodeLittle
	sun.java.command = /media/presta/DVA_64/Personnel/Projets/samples-projects/keycloak/build/resources/keycloak-11/jboss-modules.jar -mp /media/presta/DVA_64/Personnel/Projets/samples-projects/keycloak/build/resources/keycloak-11/modules org.jboss.as.server
	sun.java.launcher = SUN_STANDARD
	sun.jnu.encoding = UTF-8
	sun.management.compiler = HotSpot 64-Bit Tiered Compilers
	sun.os.patch.level = unknown
	user.country = FR
	user.dir = /media/presta/DVA_64/Personnel/Projets/samples-projects/keycloak/build/resources/keycloak-11
	user.home = /home/presta
	user.language = fr
	user.name = presta
	user.timezone = Pacific/Noumea
2020-11-25 13:59:40,232 DEBUG [org.jboss.as.config] (MSC service thread 1-2) VM Arguments: --add-exports=java.base/sun.nio.ch=ALL-UNNAMED --add-exports=jdk.unsupported/sun.reflect=ALL-UNNAMED --add-exports=jdk.unsupported/sun.misc=ALL-UNNAMED -D[Server:load-balancer] -D[pcid:523833586] -Xms64m -Xmx512m -XX:MetaspaceSize=96m -XX:MaxMetaspaceSize=256m -Djava.awt.headless=true -Djava.net.preferIPv4Stack=true -Djboss.home.dir=/media/presta/DVA_64/Personnel/Projets/samples-projects/keycloak/build/resources/keycloak-11 -Djboss.modules.system.pkgs=org.jboss.byteman -Djboss.server.log.dir=/media/presta/DVA_64/Personnel/Projets/samples-projects/keycloak/build/resources/keycloak-11/domain/servers/load-balancer/log -Djboss.server.temp.dir=/media/presta/DVA_64/Personnel/Projets/samples-projects/keycloak/build/resources/keycloak-11/domain/servers/load-balancer/tmp -Djboss.server.data.dir=/media/presta/DVA_64/Personnel/Projets/samples-projects/keycloak/build/resources/keycloak-11/domain/servers/load-balancer/data -Dlogging.configuration=file:/media/presta/DVA_64/Personnel/Projets/samples-projects/keycloak/build/resources/keycloak-11/domain/servers/load-balancer/data/logging.properties 
2020-11-25 13:59:40,402 INFO  [org.xnio] (MSC service thread 1-1) XNIO version 3.8.1.Final
2020-11-25 13:59:40,421 INFO  [org.xnio.nio] (MSC service thread 1-1) XNIO NIO Implementation Version 3.8.1.Final
2020-11-25 13:59:40,480 INFO  [org.jboss.remoting] (MSC service thread 1-7) JBoss Remoting version 5.0.18.Final
2020-11-25 13:59:40,876 INFO  [org.wildfly.security] (ServerService Thread Pool -- 2) ELY00001: WildFly Elytron version 1.12.1.Final
2020-11-25 13:59:43,093 INFO  [org.wildfly.extension.io] (ServerService Thread Pool -- 7) WFLYIO001: Worker 'default' has auto-configured to 8 IO threads with 64 max task threads based on your 4 available processors
2020-11-25 13:59:43,104 INFO  [org.wildfly.extension.undertow] (MSC service thread 1-5) WFLYUT0003: Undertow 2.1.3.Final starting
2020-11-25 13:59:43,193 WARN  [org.wildfly.clustering.web.undertow] (ServerService Thread Pool -- 24) WFLYCLWEBUT0007: No routing provider found for default-server; using legacy provider based on static configuration
2020-11-25 13:59:43,293 INFO  [org.wildfly.extension.undertow] (MSC service thread 1-7) WFLYUT0012: Started server default-server.
2020-11-25 13:59:43,299 INFO  [org.wildfly.extension.undertow] (MSC service thread 1-5) WFLYUT0018: Host default-host starting
2020-11-25 13:59:43,300 INFO  [io.undertow] (MSC service thread 1-1) UT005039: Undertow starts mod_cluster proxy advertisements on /224.0.1.105:23364 with frequency 10000 ms
2020-11-25 13:59:43,380 INFO  [org.wildfly.extension.undertow] (MSC service thread 1-8) WFLYUT0006: Undertow HTTP listener management listening on 127.0.0.1:8090
2020-11-25 13:59:43,381 INFO  [org.wildfly.extension.undertow] (MSC service thread 1-7) WFLYUT0006: Undertow HTTP listener default listening on 127.0.0.1:8080
2020-11-25 13:59:43,477 INFO  [org.jboss.as.patching] (MSC service thread 1-3) WFLYPAT0050: Keycloak cumulative patch ID is: base, one-off patches include: none
2020-11-25 13:59:43,509 WARN  [org.jboss.as.domain.management.security] (MSC service thread 1-8) WFLYDM0111: Keystore /media/presta/DVA_64/Personnel/Projets/samples-projects/keycloak/build/resources/keycloak-11/domain/configuration/application.keystore not found, it will be auto generated on first use with a self signed certificate for host localhost
2020-11-25 13:59:43,620 INFO  [org.jboss.as.server] (Controller Boot Thread) WFLYSRV0212: Resuming server
2020-11-25 13:59:43,624 INFO  [org.jboss.as] (Controller Boot Thread) WFLYSRV0025: Keycloak 11.0.3 (WildFly Core 12.0.3.Final) started in 4729ms - Started 75 of 90 services (41 services are lazy, passive or on-demand)
2020-11-25 13:59:58,050 INFO  [io.undertow] (default task-1) UT005053: Registering node master:server-one, connection: ajp://127.0.0.1:8159/?#
2020-11-25 13:59:58,072 INFO  [io.undertow] (default task-2) UT005045: Registering context /, for node master:server-one
2020-11-25 13:59:58,081 INFO  [io.undertow] (default task-2) UT005045: Registering context /wildfly-services, for node master:server-one
2020-11-25 14:00:08,130 INFO  [io.undertow] (default task-2) UT005045: Registering context /auth, for node master:server-one
2020-11-25 14:00:33,067 INFO  [io.undertow] (default task-2) UT005053: Registering node mi3074:server-two, connection: ajp://127.0.0.1:8259/?#
2020-11-25 14:00:33,069 INFO  [io.undertow] (default task-2) UT005045: Registering context /, for node mi3074:server-two
2020-11-25 14:00:33,075 INFO  [io.undertow] (default task-2) UT005045: Registering context /wildfly-services, for node mi3074:server-two
2020-11-25 14:00:43,104 INFO  [io.undertow] (default task-2) UT005045: Registering context /auth, for node mi3074:server-two
2020-11-25 14:04:56,131 INFO  [io.undertow] (default task-2) UT005047: Unregistering context /auth, from node mi3074:server-two
2020-11-25 14:04:56,173 INFO  [io.undertow] (default task-2) UT005047: Unregistering context /, from node mi3074:server-two
2020-11-25 14:04:56,950 INFO  [io.undertow] (default task-2) UT005047: Unregistering context /wildfly-services, from node mi3074:server-two
2020-11-25 14:04:56,958 INFO  [io.undertow] (default task-2) UT005044: Removing node mi3074:server-two
2020-11-25 14:05:13,941 INFO  [org.jboss.as.server] (Thread-1) WFLYSRV0272: Suspending server
2020-11-25 14:05:13,945 INFO  [org.jboss.as.server] (Thread-1) WFLYSRV0220: Server shutdown has been requested via an OS signal
2020-11-25 14:05:13,957 INFO  [org.wildfly.extension.undertow] (MSC service thread 1-7) WFLYUT0008: Undertow HTTP listener default suspending
2020-11-25 14:05:13,958 INFO  [org.wildfly.extension.undertow] (MSC service thread 1-4) WFLYUT0008: Undertow HTTP listener management suspending
2020-11-25 14:05:13,965 INFO  [org.wildfly.extension.undertow] (MSC service thread 1-7) WFLYUT0007: Undertow HTTP listener default stopped, was bound to 127.0.0.1:8080
2020-11-25 14:05:13,965 INFO  [org.wildfly.extension.undertow] (MSC service thread 1-4) WFLYUT0007: Undertow HTTP listener management stopped, was bound to 127.0.0.1:8090
2020-11-25 14:05:13,972 INFO  [org.wildfly.extension.undertow] (MSC service thread 1-8) WFLYUT0019: Host default-host stopping
2020-11-25 14:05:13,985 INFO  [org.wildfly.extension.undertow] (MSC service thread 1-7) WFLYUT0004: Undertow 2.1.3.Final stopping
2020-11-25 14:05:14,103 INFO  [org.jboss.as] (MSC service thread 1-6) WFLYSRV0050: Keycloak 11.0.3 (WildFly Core 12.0.3.Final) stopped in 114ms
